mode: atomic
github.com/develeap/terraform-provider-hyperping/internal/provider/error_helpers.go:18.69,28.2 1 1
github.com/develeap/terraform-provider-hyperping/internal/provider/error_helpers.go:31.79,42.2 1 1
github.com/develeap/terraform-provider-hyperping/internal/provider/error_helpers.go:45.81,56.2 1 1
github.com/develeap/terraform-provider-hyperping/internal/provider/error_helpers.go:59.81,70.2 1 1
github.com/develeap/terraform-provider-hyperping/internal/provider/error_helpers.go:73.67,83.2 1 1
github.com/develeap/terraform-provider-hyperping/internal/provider/error_helpers.go:88.90,97.2 1 0
github.com/develeap/terraform-provider-hyperping/internal/provider/error_helpers.go:102.53,108.2 1 1
github.com/develeap/terraform-provider-hyperping/internal/provider/error_helpers.go:111.64,116.2 1 1
github.com/develeap/terraform-provider-hyperping/internal/provider/error_helpers.go:119.69,127.2 1 1
github.com/develeap/terraform-provider-hyperping/internal/provider/error_helpers.go:132.88,139.2 1 1
github.com/develeap/terraform-provider-hyperping/internal/provider/error_helpers.go:144.69,149.2 1 1
github.com/develeap/terraform-provider-hyperping/internal/provider/error_helpers.go:153.98,157.22 3 3
github.com/develeap/terraform-provider-hyperping/internal/provider/error_helpers.go:157.22,160.3 1 2
github.com/develeap/terraform-provider-hyperping/internal/provider/error_helpers.go:160.8,162.3 1 1
github.com/develeap/terraform-provider-hyperping/internal/provider/error_helpers.go:164.2,164.24 1 3
github.com/develeap/terraform-provider-hyperping/internal/provider/error_helpers.go:169.67,179.2 3 2
github.com/develeap/terraform-provider-hyperping/internal/provider/healthcheck_data_source.go:24.55,26.2 1 1
github.com/develeap/terraform-provider-hyperping/internal/provider/healthcheck_data_source.go:54.128,56.2 1 1
github.com/develeap/terraform-provider-hyperping/internal/provider/healthcheck_data_source.go:59.120,130.2 1 1
github.com/develeap/terraform-provider-hyperping/internal/provider/healthcheck_data_source.go:133.131,134.29 1 3
github.com/develeap/terraform-provider-hyperping/internal/provider/healthcheck_data_source.go:134.29,136.3 1 1
github.com/develeap/terraform-provider-hyperping/internal/provider/healthcheck_data_source.go:138.2,139.9 2 2
github.com/develeap/terraform-provider-hyperping/internal/provider/healthcheck_data_source.go:139.9,145.3 2 1
github.com/develeap/terraform-provider-hyperping/internal/provider/healthcheck_data_source.go:147.2,147.14 1 1
github.com/develeap/terraform-provider-hyperping/internal/provider/healthcheck_data_source.go:151.118,155.33 3 0
github.com/develeap/terraform-provider-hyperping/internal/provider/healthcheck_data_source.go:155.33,157.3 1 0
github.com/develeap/terraform-provider-hyperping/internal/provider/healthcheck_data_source.go:159.2,159.75 1 0
github.com/develeap/terraform-provider-hyperping/internal/provider/healthcheck_data_source.go:159.75,162.3 2 0
github.com/develeap/terraform-provider-hyperping/internal/provider/healthcheck_data_source.go:164.2,165.16 2 0
github.com/develeap/terraform-provider-hyperping/internal/provider/healthcheck_data_source.go:165.16,171.3 2 0
github.com/develeap/terraform-provider-hyperping/internal/provider/healthcheck_data_source.go:173.2,175.58 2 0
github.com/develeap/terraform-provider-hyperping/internal/provider/healthcheck_data_source.go:180.97,198.2 17 3
github.com/develeap/terraform-provider-hyperping/internal/provider/healthcheck_resource.go:31.49,33.2 1 1
github.com/develeap/terraform-provider-hyperping/internal/provider/healthcheck_resource.go:61.122,63.2 1 1
github.com/develeap/terraform-provider-hyperping/internal/provider/healthcheck_resource.go:66.114,163.2 1 1
github.com/develeap/terraform-provider-hyperping/internal/provider/healthcheck_resource.go:166.125,167.29 1 3
github.com/develeap/terraform-provider-hyperping/internal/provider/healthcheck_resource.go:167.29,169.3 1 1
github.com/develeap/terraform-provider-hyperping/internal/provider/healthcheck_resource.go:171.2,172.9 2 2
github.com/develeap/terraform-provider-hyperping/internal/provider/healthcheck_resource.go:172.9,178.3 2 1
github.com/develeap/terraform-provider-hyperping/internal/provider/healthcheck_resource.go:180.2,180.14 1 1
github.com/develeap/terraform-provider-hyperping/internal/provider/healthcheck_resource.go:184.74,190.61 5 10
github.com/develeap/terraform-provider-hyperping/internal/provider/healthcheck_resource.go:190.61,192.3 1 1
github.com/develeap/terraform-provider-hyperping/internal/provider/healthcheck_resource.go:194.2,194.23 1 9
github.com/develeap/terraform-provider-hyperping/internal/provider/healthcheck_resource.go:194.23,196.3 1 2
github.com/develeap/terraform-provider-hyperping/internal/provider/healthcheck_resource.go:198.2,198.23 1 7
github.com/develeap/terraform-provider-hyperping/internal/provider/healthcheck_resource.go:198.23,200.3 1 2
github.com/develeap/terraform-provider-hyperping/internal/provider/healthcheck_resource.go:202.2,202.38 1 5
github.com/develeap/terraform-provider-hyperping/internal/provider/healthcheck_resource.go:202.38,204.3 1 1
github.com/develeap/terraform-provider-hyperping/internal/provider/healthcheck_resource.go:206.2,206.38 1 4
github.com/develeap/terraform-provider-hyperping/internal/provider/healthcheck_resource.go:206.38,208.3 1 1
github.com/develeap/terraform-provider-hyperping/internal/provider/healthcheck_resource.go:210.2,210.33 1 3
github.com/develeap/terraform-provider-hyperping/internal/provider/healthcheck_resource.go:210.33,212.3 1 1
github.com/develeap/terraform-provider-hyperping/internal/provider/healthcheck_resource.go:214.2,214.12 1 2
github.com/develeap/terraform-provider-hyperping/internal/provider/healthcheck_resource.go:218.118,222.33 3 0
github.com/develeap/terraform-provider-hyperping/internal/provider/healthcheck_resource.go:222.33,224.3 1 0
github.com/develeap/terraform-provider-hyperping/internal/provider/healthcheck_resource.go:226.2,226.61 1 0
github.com/develeap/terraform-provider-hyperping/internal/provider/healthcheck_resource.go:226.61,229.3 2 0
github.com/develeap/terraform-provider-hyperping/internal/provider/healthcheck_resource.go:233.2,238.16 4 0
github.com/develeap/terraform-provider-hyperping/internal/provider/healthcheck_resource.go:238.16,244.3 2 0
github.com/develeap/terraform-provider-hyperping/internal/provider/healthcheck_resource.go:248.2,252.16 3 0
github.com/develeap/terraform-provider-hyperping/internal/provider/healthcheck_resource.go:252.16,262.3 3 0
github.com/develeap/terraform-provider-hyperping/internal/provider/healthcheck_resource.go:264.2,269.16 2 0
github.com/develeap/terraform-provider-hyperping/internal/provider/healthcheck_resource.go:269.16,271.17 2 0
github.com/develeap/terraform-provider-hyperping/internal/provider/healthcheck_resource.go:271.17,277.4 1 0
github.com/develeap/terraform-provider-hyperping/internal/provider/healthcheck_resource.go:277.9,279.4 1 0
github.com/develeap/terraform-provider-hyperping/internal/provider/healthcheck_resource.go:282.2,282.56 1 0
github.com/develeap/terraform-provider-hyperping/internal/provider/healthcheck_resource.go:286.100,293.25 2 0
github.com/develeap/terraform-provider-hyperping/internal/provider/healthcheck_resource.go:293.25,296.3 2 0
github.com/develeap/terraform-provider-hyperping/internal/provider/healthcheck_resource.go:297.2,297.23 1 0
github.com/develeap/terraform-provider-hyperping/internal/provider/healthcheck_resource.go:297.23,300.3 2 0
github.com/develeap/terraform-provider-hyperping/internal/provider/healthcheck_resource.go:301.2,301.32 1 0
github.com/develeap/terraform-provider-hyperping/internal/provider/healthcheck_resource.go:301.32,304.3 2 0
github.com/develeap/terraform-provider-hyperping/internal/provider/healthcheck_resource.go:305.2,305.31 1 0
github.com/develeap/terraform-provider-hyperping/internal/provider/healthcheck_resource.go:305.31,308.3 2 0
github.com/develeap/terraform-provider-hyperping/internal/provider/healthcheck_resource.go:309.2,309.37 1 0
github.com/develeap/terraform-provider-hyperping/internal/provider/healthcheck_resource.go:309.37,312.3 2 0
github.com/develeap/terraform-provider-hyperping/internal/provider/healthcheck_resource.go:314.2,314.12 1 0
github.com/develeap/terraform-provider-hyperping/internal/provider/healthcheck_resource.go:318.112,322.33 3 0
github.com/develeap/terraform-provider-hyperping/internal/provider/healthcheck_resource.go:322.33,324.3 1 0
github.com/develeap/terraform-provider-hyperping/internal/provider/healthcheck_resource.go:326.2,327.16 2 0
github.com/develeap/terraform-provider-hyperping/internal/provider/healthcheck_resource.go:327.16,328.29 1 0
github.com/develeap/terraform-provider-hyperping/internal/provider/healthcheck_resource.go:328.29,331.4 2 0
github.com/develeap/terraform-provider-hyperping/internal/provider/healthcheck_resource.go:332.3,336.9 2 0
github.com/develeap/terraform-provider-hyperping/internal/provider/healthcheck_resource.go:339.2,341.57 2 0
github.com/develeap/terraform-provider-hyperping/internal/provider/healthcheck_resource.go:345.118,351.33 5 0
github.com/develeap/terraform-provider-hyperping/internal/provider/healthcheck_resource.go:351.33,353.3 1 0
github.com/develeap/terraform-provider-hyperping/internal/provider/healthcheck_resource.go:355.2,355.61 1 0
github.com/develeap/terraform-provider-hyperping/internal/provider/healthcheck_resource.go:355.61,358.3 2 0
github.com/develeap/terraform-provider-hyperping/internal/provider/healthcheck_resource.go:363.2,368.33 5 0
github.com/develeap/terraform-provider-hyperping/internal/provider/healthcheck_resource.go:368.33,370.3 1 0
github.com/develeap/terraform-provider-hyperping/internal/provider/healthcheck_resource.go:373.2,373.18 1 0
github.com/develeap/terraform-provider-hyperping/internal/provider/healthcheck_resource.go:373.18,375.3 1 0
github.com/develeap/terraform-provider-hyperping/internal/provider/healthcheck_resource.go:378.2,379.16 2 0
github.com/develeap/terraform-provider-hyperping/internal/provider/healthcheck_resource.go:379.16,385.3 2 0
github.com/develeap/terraform-provider-hyperping/internal/provider/healthcheck_resource.go:387.2,389.56 2 0
github.com/develeap/terraform-provider-hyperping/internal/provider/healthcheck_resource.go:393.140,397.34 3 0
github.com/develeap/terraform-provider-hyperping/internal/provider/healthcheck_resource.go:397.34,401.3 3 0
github.com/develeap/terraform-provider-hyperping/internal/provider/healthcheck_resource.go:402.2,402.34 1 0
github.com/develeap/terraform-provider-hyperping/internal/provider/healthcheck_resource.go:402.34,403.25 1 0
github.com/develeap/terraform-provider-hyperping/internal/provider/healthcheck_resource.go:403.25,406.4 2 0
github.com/develeap/terraform-provider-hyperping/internal/provider/healthcheck_resource.go:406.9,409.4 2 0
github.com/develeap/terraform-provider-hyperping/internal/provider/healthcheck_resource.go:410.3,410.20 1 0
github.com/develeap/terraform-provider-hyperping/internal/provider/healthcheck_resource.go:412.2,412.30 1 0
github.com/develeap/terraform-provider-hyperping/internal/provider/healthcheck_resource.go:412.30,413.23 1 0
github.com/develeap/terraform-provider-hyperping/internal/provider/healthcheck_resource.go:413.23,416.4 2 0
github.com/develeap/terraform-provider-hyperping/internal/provider/healthcheck_resource.go:416.9,419.4 2 0
github.com/develeap/terraform-provider-hyperping/internal/provider/healthcheck_resource.go:420.3,420.20 1 0
github.com/develeap/terraform-provider-hyperping/internal/provider/healthcheck_resource.go:422.2,422.48 1 0
github.com/develeap/terraform-provider-hyperping/internal/provider/healthcheck_resource.go:422.48,423.33 1 0
github.com/develeap/terraform-provider-hyperping/internal/provider/healthcheck_resource.go:423.33,427.4 3 0
github.com/develeap/terraform-provider-hyperping/internal/provider/healthcheck_resource.go:432.2,432.46 1 0
github.com/develeap/terraform-provider-hyperping/internal/provider/healthcheck_resource.go:432.46,433.31 1 0
github.com/develeap/terraform-provider-hyperping/internal/provider/healthcheck_resource.go:433.31,436.4 2 0
github.com/develeap/terraform-provider-hyperping/internal/provider/healthcheck_resource.go:436.9,439.4 2 0
github.com/develeap/terraform-provider-hyperping/internal/provider/healthcheck_resource.go:440.3,440.20 1 0
github.com/develeap/terraform-provider-hyperping/internal/provider/healthcheck_resource.go:442.2,442.58 1 0
github.com/develeap/terraform-provider-hyperping/internal/provider/healthcheck_resource.go:442.58,446.3 3 0
github.com/develeap/terraform-provider-hyperping/internal/provider/healthcheck_resource.go:447.2,447.56 1 0
github.com/develeap/terraform-provider-hyperping/internal/provider/healthcheck_resource.go:447.56,451.3 3 0
github.com/develeap/terraform-provider-hyperping/internal/provider/healthcheck_resource.go:452.2,452.58 1 0
github.com/develeap/terraform-provider-hyperping/internal/provider/healthcheck_resource.go:452.58,453.37 1 0
github.com/develeap/terraform-provider-hyperping/internal/provider/healthcheck_resource.go:453.37,456.4 2 0
github.com/develeap/terraform-provider-hyperping/internal/provider/healthcheck_resource.go:456.9,459.4 2 0
github.com/develeap/terraform-provider-hyperping/internal/provider/healthcheck_resource.go:460.3,460.20 1 0
github.com/develeap/terraform-provider-hyperping/internal/provider/healthcheck_resource.go:463.2,463.17 1 0
github.com/develeap/terraform-provider-hyperping/internal/provider/healthcheck_resource.go:463.17,465.3 1 0
github.com/develeap/terraform-provider-hyperping/internal/provider/healthcheck_resource.go:467.2,468.16 2 0
github.com/develeap/terraform-provider-hyperping/internal/provider/healthcheck_resource.go:468.16,473.3 1 0
github.com/develeap/terraform-provider-hyperping/internal/provider/healthcheck_resource.go:477.127,478.16 1 0
github.com/develeap/terraform-provider-hyperping/internal/provider/healthcheck_resource.go:478.16,480.17 2 0
github.com/develeap/terraform-provider-hyperping/internal/provider/healthcheck_resource.go:480.17,485.4 1 0
github.com/develeap/terraform-provider-hyperping/internal/provider/healthcheck_resource.go:486.8,488.17 2 0
github.com/develeap/terraform-provider-hyperping/internal/provider/healthcheck_resource.go:488.17,493.4 1 0
github.com/develeap/terraform-provider-hyperping/internal/provider/healthcheck_resource.go:498.118,502.33 3 0
github.com/develeap/terraform-provider-hyperping/internal/provider/healthcheck_resource.go:502.33,504.3 1 0
github.com/develeap/terraform-provider-hyperping/internal/provider/healthcheck_resource.go:506.2,507.16 2 0
github.com/develeap/terraform-provider-hyperping/internal/provider/healthcheck_resource.go:507.16,508.30 1 0
github.com/develeap/terraform-provider-hyperping/internal/provider/healthcheck_resource.go:508.30,514.4 2 0
github.com/develeap/terraform-provider-hyperping/internal/provider/healthcheck_resource.go:517.2,523.3 1 0
github.com/develeap/terraform-provider-hyperping/internal/provider/healthcheck_resource.go:527.133,528.58 1 0
github.com/develeap/terraform-provider-hyperping/internal/provider/healthcheck_resource.go:528.58,531.3 2 0
github.com/develeap/terraform-provider-hyperping/internal/provider/healthcheck_resource.go:532.2,532.68 1 0
github.com/develeap/terraform-provider-hyperping/internal/provider/healthcheck_resource.go:537.110,555.2 17 0
github.com/develeap/terraform-provider-hyperping/internal/provider/healthchecks_data_source.go:24.56,26.2 1 1
github.com/develeap/terraform-provider-hyperping/internal/provider/healthchecks_data_source.go:59.129,61.2 1 1
github.com/develeap/terraform-provider-hyperping/internal/provider/healthchecks_data_source.go:64.121,143.2 1 1
github.com/develeap/terraform-provider-hyperping/internal/provider/healthchecks_data_source.go:146.132,147.29 1 3
github.com/develeap/terraform-provider-hyperping/internal/provider/healthchecks_data_source.go:147.29,149.3 1 1
github.com/develeap/terraform-provider-hyperping/internal/provider/healthchecks_data_source.go:151.2,152.9 2 2
github.com/develeap/terraform-provider-hyperping/internal/provider/healthchecks_data_source.go:152.9,158.3 2 1
github.com/develeap/terraform-provider-hyperping/internal/provider/healthchecks_data_source.go:160.2,160.14 1 1
github.com/develeap/terraform-provider-hyperping/internal/provider/healthchecks_data_source.go:164.119,168.16 3 0
github.com/develeap/terraform-provider-hyperping/internal/provider/healthchecks_data_source.go:168.16,174.3 2 0
github.com/develeap/terraform-provider-hyperping/internal/provider/healthchecks_data_source.go:176.2,177.34 2 0
github.com/develeap/terraform-provider-hyperping/internal/provider/healthchecks_data_source.go:177.34,181.34 2 0
github.com/develeap/terraform-provider-hyperping/internal/provider/healthchecks_data_source.go:181.34,183.4 1 0
github.com/develeap/terraform-provider-hyperping/internal/provider/healthchecks_data_source.go:186.2,186.57 1 0
github.com/develeap/terraform-provider-hyperping/internal/provider/healthchecks_data_source.go:191.113,209.2 17 2
github.com/develeap/terraform-provider-hyperping/internal/provider/incident_data_source.go:26.52,28.2 1 1
github.com/develeap/terraform-provider-hyperping/internal/provider/incident_data_source.go:48.125,50.2 1 1
github.com/develeap/terraform-provider-hyperping/internal/provider/incident_data_source.go:53.117,114.2 1 1
github.com/develeap/terraform-provider-hyperping/internal/provider/incident_data_source.go:117.128,118.29 1 3
github.com/develeap/terraform-provider-hyperping/internal/provider/incident_data_source.go:118.29,120.3 1 1
github.com/develeap/terraform-provider-hyperping/internal/provider/incident_data_source.go:122.2,123.9 2 2
github.com/develeap/terraform-provider-hyperping/internal/provider/incident_data_source.go:123.9,129.3 2 1
github.com/develeap/terraform-provider-hyperping/internal/provider/incident_data_source.go:131.2,131.14 1 1
github.com/develeap/terraform-provider-hyperping/internal/provider/incident_data_source.go:135.115,139.33 3 0
github.com/develeap/terraform-provider-hyperping/internal/provider/incident_data_source.go:139.33,141.3 1 0
github.com/develeap/terraform-provider-hyperping/internal/provider/incident_data_source.go:143.2,143.75 1 0
github.com/develeap/terraform-provider-hyperping/internal/provider/incident_data_source.go:143.75,146.3 2 0
github.com/develeap/terraform-provider-hyperping/internal/provider/incident_data_source.go:148.2,149.16 2 0
github.com/develeap/terraform-provider-hyperping/internal/provider/incident_data_source.go:149.16,155.3 2 0
github.com/develeap/terraform-provider-hyperping/internal/provider/incident_data_source.go:157.2,158.33 2 0
github.com/develeap/terraform-provider-hyperping/internal/provider/incident_data_source.go:158.33,160.3 1 0
github.com/develeap/terraform-provider-hyperping/internal/provider/incident_data_source.go:162.2,162.58 1 0
github.com/develeap/terraform-provider-hyperping/internal/provider/incident_data_source.go:166.143,172.25 5 2
github.com/develeap/terraform-provider-hyperping/internal/provider/incident_data_source.go:172.25,174.3 1 1
github.com/develeap/terraform-provider-hyperping/internal/provider/incident_data_source.go:174.8,176.3 1 1
github.com/develeap/terraform-provider-hyperping/internal/provider/incident_data_source.go:178.2,182.32 3 2
github.com/develeap/terraform-provider-hyperping/internal/provider/incident_data_source.go:182.32,184.3 1 1
github.com/develeap/terraform-provider-hyperping/internal/provider/incident_data_source.go:184.8,186.38 2 1
github.com/develeap/terraform-provider-hyperping/internal/provider/incident_data_source.go:186.38,195.4 3 1
github.com/develeap/terraform-provider-hyperping/internal/provider/incident_data_source.go:196.3,198.23 3 1
github.com/develeap/terraform-provider-hyperping/internal/provider/incident_resource.go:31.46,33.2 1 1
github.com/develeap/terraform-provider-hyperping/internal/provider/incident_resource.go:52.119,54.2 1 1
github.com/develeap/terraform-provider-hyperping/internal/provider/incident_resource.go:57.111,102.2 1 1
github.com/develeap/terraform-provider-hyperping/internal/provider/incident_resource.go:105.122,106.29 1 3
github.com/develeap/terraform-provider-hyperping/internal/provider/incident_resource.go:106.29,108.3 1 1
github.com/develeap/terraform-provider-hyperping/internal/provider/incident_resource.go:110.2,111.9 2 2
github.com/develeap/terraform-provider-hyperping/internal/provider/incident_resource.go:111.9,117.3 2 1
github.com/develeap/terraform-provider-hyperping/internal/provider/incident_resource.go:119.2,119.14 1 1
github.com/develeap/terraform-provider-hyperping/internal/provider/incident_resource.go:123.115,127.33 3 0
github.com/develeap/terraform-provider-hyperping/internal/provider/incident_resource.go:127.33,129.3 1 0
github.com/develeap/terraform-provider-hyperping/internal/provider/incident_resource.go:132.2,141.33 4 0
github.com/develeap/terraform-provider-hyperping/internal/provider/incident_resource.go:141.33,143.3 1 0
github.com/develeap/terraform-provider-hyperping/internal/provider/incident_resource.go:144.2,147.47 2 0
github.com/develeap/terraform-provider-hyperping/internal/provider/incident_resource.go:147.47,150.34 3 0
github.com/develeap/terraform-provider-hyperping/internal/provider/incident_resource.go:150.34,152.4 1 0
github.com/develeap/terraform-provider-hyperping/internal/provider/incident_resource.go:153.3,153.44 1 0
github.com/develeap/terraform-provider-hyperping/internal/provider/incident_resource.go:157.2,158.16 2 0
github.com/develeap/terraform-provider-hyperping/internal/provider/incident_resource.go:158.16,164.3 2 0
github.com/develeap/terraform-provider-hyperping/internal/provider/incident_resource.go:167.2,168.33 2 0
github.com/develeap/terraform-provider-hyperping/internal/provider/incident_resource.go:168.33,170.3 1 0
github.com/develeap/terraform-provider-hyperping/internal/provider/incident_resource.go:172.2,172.56 1 0
github.com/develeap/terraform-provider-hyperping/internal/provider/incident_resource.go:176.109,180.33 3 0
github.com/develeap/terraform-provider-hyperping/internal/provider/incident_resource.go:180.33,182.3 1 0
github.com/develeap/terraform-provider-hyperping/internal/provider/incident_resource.go:184.2,185.16 2 0
github.com/develeap/terraform-provider-hyperping/internal/provider/incident_resource.go:185.16,186.29 1 0
github.com/develeap/terraform-provider-hyperping/internal/provider/incident_resource.go:186.29,189.4 2 0
github.com/develeap/terraform-provider-hyperping/internal/provider/incident_resource.go:190.3,194.9 2 0
github.com/develeap/terraform-provider-hyperping/internal/provider/incident_resource.go:197.2,198.33 2 0
github.com/develeap/terraform-provider-hyperping/internal/provider/incident_resource.go:198.33,200.3 1 0
github.com/develeap/terraform-provider-hyperping/internal/provider/incident_resource.go:202.2,202.57 1 0
github.com/develeap/terraform-provider-hyperping/internal/provider/incident_resource.go:206.115,212.33 5 0
github.com/develeap/terraform-provider-hyperping/internal/provider/incident_resource.go:212.33,214.3 1 0
github.com/develeap/terraform-provider-hyperping/internal/provider/incident_resource.go:217.2,220.36 2 0
github.com/develeap/terraform-provider-hyperping/internal/provider/incident_resource.go:220.36,223.3 2 0
github.com/develeap/terraform-provider-hyperping/internal/provider/incident_resource.go:225.2,225.34 1 0
github.com/develeap/terraform-provider-hyperping/internal/provider/incident_resource.go:225.34,228.3 2 0
github.com/develeap/terraform-provider-hyperping/internal/provider/incident_resource.go:231.2,231.62 1 0
github.com/develeap/terraform-provider-hyperping/internal/provider/incident_resource.go:231.62,232.39 1 0
github.com/develeap/terraform-provider-hyperping/internal/provider/incident_resource.go:232.39,235.4 2 0
github.com/develeap/terraform-provider-hyperping/internal/provider/incident_resource.go:235.9,238.35 3 0
github.com/develeap/terraform-provider-hyperping/internal/provider/incident_resource.go:238.35,240.5 1 0
github.com/develeap/terraform-provider-hyperping/internal/provider/incident_resource.go:241.4,241.46 1 0
github.com/develeap/terraform-provider-hyperping/internal/provider/incident_resource.go:246.2,246.48 1 0
github.com/develeap/terraform-provider-hyperping/internal/provider/incident_resource.go:246.48,249.34 3 0
github.com/develeap/terraform-provider-hyperping/internal/provider/incident_resource.go:249.34,251.4 1 0
github.com/develeap/terraform-provider-hyperping/internal/provider/incident_resource.go:252.3,252.39 1 0
github.com/develeap/terraform-provider-hyperping/internal/provider/incident_resource.go:256.2,257.16 2 0
github.com/develeap/terraform-provider-hyperping/internal/provider/incident_resource.go:257.16,263.3 2 0
github.com/develeap/terraform-provider-hyperping/internal/provider/incident_resource.go:266.2,267.33 2 0
github.com/develeap/terraform-provider-hyperping/internal/provider/incident_resource.go:267.33,269.3 1 0
github.com/develeap/terraform-provider-hyperping/internal/provider/incident_resource.go:271.2,271.56 1 0
github.com/develeap/terraform-provider-hyperping/internal/provider/incident_resource.go:275.115,279.33 3 0
github.com/develeap/terraform-provider-hyperping/internal/provider/incident_resource.go:279.33,281.3 1 0
github.com/develeap/terraform-provider-hyperping/internal/provider/incident_resource.go:283.2,284.16 2 0
github.com/develeap/terraform-provider-hyperping/internal/provider/incident_resource.go:284.16,285.29 1 0
github.com/develeap/terraform-provider-hyperping/internal/provider/incident_resource.go:285.29,288.4 1 0
github.com/develeap/terraform-provider-hyperping/internal/provider/incident_resource.go:289.3,293.9 2 0
github.com/develeap/terraform-provider-hyperping/internal/provider/incident_resource.go:298.130,300.58 1 0
github.com/develeap/terraform-provider-hyperping/internal/provider/incident_resource.go:300.58,303.3 2 0
github.com/develeap/terraform-provider-hyperping/internal/provider/incident_resource.go:304.2,304.68 1 0
github.com/develeap/terraform-provider-hyperping/internal/provider/incident_resource.go:308.129,315.25 5 3
github.com/develeap/terraform-provider-hyperping/internal/provider/incident_resource.go:315.25,317.3 1 1
github.com/develeap/terraform-provider-hyperping/internal/provider/incident_resource.go:317.8,319.3 1 2
github.com/develeap/terraform-provider-hyperping/internal/provider/incident_resource.go:322.2,325.71 2 3
github.com/develeap/terraform-provider-hyperping/internal/provider/incident_update_resource.go:30.52,32.2 1 1
github.com/develeap/terraform-provider-hyperping/internal/provider/incident_update_resource.go:49.125,51.2 1 1
github.com/develeap/terraform-provider-hyperping/internal/provider/incident_update_resource.go:54.117,91.2 1 1
github.com/develeap/terraform-provider-hyperping/internal/provider/incident_update_resource.go:94.128,95.29 1 3
github.com/develeap/terraform-provider-hyperping/internal/provider/incident_update_resource.go:95.29,97.3 1 1
github.com/develeap/terraform-provider-hyperping/internal/provider/incident_update_resource.go:99.2,100.9 2 2
github.com/develeap/terraform-provider-hyperping/internal/provider/incident_update_resource.go:100.9,106.3 2 1
github.com/develeap/terraform-provider-hyperping/internal/provider/incident_update_resource.go:108.2,108.14 1 1
github.com/develeap/terraform-provider-hyperping/internal/provider/incident_update_resource.go:112.121,116.33 3 0
github.com/develeap/terraform-provider-hyperping/internal/provider/incident_update_resource.go:116.33,118.3 1 0
github.com/develeap/terraform-provider-hyperping/internal/provider/incident_update_resource.go:121.2,127.33 2 0
github.com/develeap/terraform-provider-hyperping/internal/provider/incident_update_resource.go:127.33,129.3 1 0
github.com/develeap/terraform-provider-hyperping/internal/provider/incident_update_resource.go:132.2,133.16 2 0
github.com/develeap/terraform-provider-hyperping/internal/provider/incident_update_resource.go:133.16,139.3 2 0
github.com/develeap/terraform-provider-hyperping/internal/provider/incident_update_resource.go:142.2,144.31 3 0
github.com/develeap/terraform-provider-hyperping/internal/provider/incident_update_resource.go:144.31,149.3 3 0
github.com/develeap/terraform-provider-hyperping/internal/provider/incident_update_resource.go:152.2,153.22 2 0
github.com/develeap/terraform-provider-hyperping/internal/provider/incident_update_resource.go:153.22,155.3 1 0
github.com/develeap/terraform-provider-hyperping/internal/provider/incident_update_resource.go:155.8,157.3 1 0
github.com/develeap/terraform-provider-hyperping/internal/provider/incident_update_resource.go:159.2,159.56 1 0
github.com/develeap/terraform-provider-hyperping/internal/provider/incident_update_resource.go:163.115,167.33 3 0
github.com/develeap/terraform-provider-hyperping/internal/provider/incident_update_resource.go:167.33,169.3 1 0
github.com/develeap/terraform-provider-hyperping/internal/provider/incident_update_resource.go:172.2,173.40 2 0
github.com/develeap/terraform-provider-hyperping/internal/provider/incident_update_resource.go:173.40,179.3 2 0
github.com/develeap/terraform-provider-hyperping/internal/provider/incident_update_resource.go:182.2,183.16 2 0
github.com/develeap/terraform-provider-hyperping/internal/provider/incident_update_resource.go:183.16,184.29 1 0
github.com/develeap/terraform-provider-hyperping/internal/provider/incident_update_resource.go:184.29,187.4 2 0
github.com/develeap/terraform-provider-hyperping/internal/provider/incident_update_resource.go:188.3,192.9 2 0
github.com/develeap/terraform-provider-hyperping/internal/provider/incident_update_resource.go:196.2,197.42 2 0
github.com/develeap/terraform-provider-hyperping/internal/provider/incident_update_resource.go:197.42,198.30 1 0
github.com/develeap/terraform-provider-hyperping/internal/provider/incident_update_resource.go:198.30,203.9 5 0
github.com/develeap/terraform-provider-hyperping/internal/provider/incident_update_resource.go:207.2,207.12 1 0
github.com/develeap/terraform-provider-hyperping/internal/provider/incident_update_resource.go:207.12,211.3 2 0
github.com/develeap/terraform-provider-hyperping/internal/provider/incident_update_resource.go:213.2,213.57 1 0
github.com/develeap/terraform-provider-hyperping/internal/provider/incident_update_resource.go:217.121,223.33 5 0
github.com/develeap/terraform-provider-hyperping/internal/provider/incident_update_resource.go:223.33,225.3 1 0
github.com/develeap/terraform-provider-hyperping/internal/provider/incident_update_resource.go:228.2,229.40 2 0
github.com/develeap/terraform-provider-hyperping/internal/provider/incident_update_resource.go:229.40,235.3 2 0
github.com/develeap/terraform-provider-hyperping/internal/provider/incident_update_resource.go:241.2,249.56 4 0
github.com/develeap/terraform-provider-hyperping/internal/provider/incident_update_resource.go:253.121,257.33 3 0
github.com/develeap/terraform-provider-hyperping/internal/provider/incident_update_resource.go:257.33,259.3 1 0
github.com/develeap/terraform-provider-hyperping/internal/provider/incident_update_resource.go:262.2,263.22 2 0
github.com/develeap/terraform-provider-hyperping/internal/provider/incident_update_resource.go:263.22,269.3 2 0
github.com/develeap/terraform-provider-hyperping/internal/provider/incident_update_resource.go:280.136,283.40 2 0
github.com/develeap/terraform-provider-hyperping/internal/provider/incident_update_resource.go:283.40,289.3 2 0
github.com/develeap/terraform-provider-hyperping/internal/provider/incident_update_resource.go:292.2,292.62 1 0
github.com/develeap/terraform-provider-hyperping/internal/provider/incident_update_resource.go:292.62,295.3 2 0
github.com/develeap/terraform-provider-hyperping/internal/provider/incident_update_resource.go:296.2,296.60 1 0
github.com/develeap/terraform-provider-hyperping/internal/provider/incident_update_resource.go:296.60,299.3 2 0
github.com/develeap/terraform-provider-hyperping/internal/provider/incident_update_resource.go:301.2,302.96 2 0
github.com/develeap/terraform-provider-hyperping/internal/provider/incident_update_resource.go:306.69,308.21 2 4
github.com/develeap/terraform-provider-hyperping/internal/provider/incident_update_resource.go:308.21,310.3 1 2
github.com/develeap/terraform-provider-hyperping/internal/provider/incident_update_resource.go:311.2,311.15 1 2
github.com/develeap/terraform-provider-hyperping/internal/provider/incidents_data_source.go:26.53,28.2 1 1
github.com/develeap/terraform-provider-hyperping/internal/provider/incidents_data_source.go:53.126,55.2 1 1
github.com/develeap/terraform-provider-hyperping/internal/provider/incidents_data_source.go:58.53,65.2 1 7
github.com/develeap/terraform-provider-hyperping/internal/provider/incidents_data_source.go:68.118,137.2 1 1
github.com/develeap/terraform-provider-hyperping/internal/provider/incidents_data_source.go:140.129,141.29 1 3
github.com/develeap/terraform-provider-hyperping/internal/provider/incidents_data_source.go:141.29,143.3 1 1
github.com/develeap/terraform-provider-hyperping/internal/provider/incidents_data_source.go:145.2,146.9 2 2
github.com/develeap/terraform-provider-hyperping/internal/provider/incidents_data_source.go:146.9,152.3 2 1
github.com/develeap/terraform-provider-hyperping/internal/provider/incidents_data_source.go:154.2,154.14 1 1
github.com/develeap/terraform-provider-hyperping/internal/provider/incidents_data_source.go:158.116,163.16 3 0
github.com/develeap/terraform-provider-hyperping/internal/provider/incidents_data_source.go:163.16,169.3 2 0
github.com/develeap/terraform-provider-hyperping/internal/provider/incidents_data_source.go:172.2,173.37 2 0
github.com/develeap/terraform-provider-hyperping/internal/provider/incidents_data_source.go:173.37,175.34 2 0
github.com/develeap/terraform-provider-hyperping/internal/provider/incidents_data_source.go:175.34,177.4 1 0
github.com/develeap/terraform-provider-hyperping/internal/provider/incidents_data_source.go:180.2,180.57 1 0
github.com/develeap/terraform-provider-hyperping/internal/provider/incidents_data_source.go:184.132,190.25 5 2
github.com/develeap/terraform-provider-hyperping/internal/provider/incidents_data_source.go:190.25,192.3 1 1
github.com/develeap/terraform-provider-hyperping/internal/provider/incidents_data_source.go:192.8,194.3 1 1
github.com/develeap/terraform-provider-hyperping/internal/provider/incidents_data_source.go:196.2,200.32 3 2
github.com/develeap/terraform-provider-hyperping/internal/provider/incidents_data_source.go:200.32,202.3 1 1
github.com/develeap/terraform-provider-hyperping/internal/provider/incidents_data_source.go:202.8,204.38 2 1
github.com/develeap/terraform-provider-hyperping/internal/provider/incidents_data_source.go:204.38,213.4 3 1
github.com/develeap/terraform-provider-hyperping/internal/provider/incidents_data_source.go:214.3,216.23 3 1
github.com/develeap/terraform-provider-hyperping/internal/provider/logging.go:18.38,20.2 1 2
github.com/develeap/terraform-provider-hyperping/internal/provider/logging.go:23.94,25.2 1 2
github.com/develeap/terraform-provider-hyperping/internal/provider/maintenance_resource.go:31.49,33.2 1 1
github.com/develeap/terraform-provider-hyperping/internal/provider/maintenance_resource.go:55.122,57.2 1 1
github.com/develeap/terraform-provider-hyperping/internal/provider/maintenance_resource.go:60.114,116.2 1 1
github.com/develeap/terraform-provider-hyperping/internal/provider/maintenance_resource.go:119.125,120.29 1 3
github.com/develeap/terraform-provider-hyperping/internal/provider/maintenance_resource.go:120.29,122.3 1 1
github.com/develeap/terraform-provider-hyperping/internal/provider/maintenance_resource.go:124.2,125.9 2 2
github.com/develeap/terraform-provider-hyperping/internal/provider/maintenance_resource.go:125.9,131.3 2 1
github.com/develeap/terraform-provider-hyperping/internal/provider/maintenance_resource.go:133.2,133.14 1 1
github.com/develeap/terraform-provider-hyperping/internal/provider/maintenance_resource.go:137.118,141.33 3 0
github.com/develeap/terraform-provider-hyperping/internal/provider/maintenance_resource.go:141.33,143.3 1 0
github.com/develeap/terraform-provider-hyperping/internal/provider/maintenance_resource.go:146.2,151.16 4 0
github.com/develeap/terraform-provider-hyperping/internal/provider/maintenance_resource.go:151.16,158.3 2 0
github.com/develeap/terraform-provider-hyperping/internal/provider/maintenance_resource.go:160.2,161.16 2 0
github.com/develeap/terraform-provider-hyperping/internal/provider/maintenance_resource.go:161.16,168.3 2 0
github.com/develeap/terraform-provider-hyperping/internal/provider/maintenance_resource.go:171.2,171.31 1 0
github.com/develeap/terraform-provider-hyperping/internal/provider/maintenance_resource.go:171.31,177.3 2 0
github.com/develeap/terraform-provider-hyperping/internal/provider/maintenance_resource.go:180.2,187.26 2 0
github.com/develeap/terraform-provider-hyperping/internal/provider/maintenance_resource.go:187.26,189.3 1 0
github.com/develeap/terraform-provider-hyperping/internal/provider/maintenance_resource.go:192.2,192.25 1 0
github.com/develeap/terraform-provider-hyperping/internal/provider/maintenance_resource.go:192.25,194.3 1 0
github.com/develeap/terraform-provider-hyperping/internal/provider/maintenance_resource.go:197.2,199.33 3 0
github.com/develeap/terraform-provider-hyperping/internal/provider/maintenance_resource.go:199.33,201.3 1 0
github.com/develeap/terraform-provider-hyperping/internal/provider/maintenance_resource.go:202.2,205.40 2 0
github.com/develeap/terraform-provider-hyperping/internal/provider/maintenance_resource.go:205.40,208.34 3 0
github.com/develeap/terraform-provider-hyperping/internal/provider/maintenance_resource.go:208.34,210.4 1 0
github.com/develeap/terraform-provider-hyperping/internal/provider/maintenance_resource.go:211.3,211.38 1 0
github.com/develeap/terraform-provider-hyperping/internal/provider/maintenance_resource.go:215.2,215.39 1 0
github.com/develeap/terraform-provider-hyperping/internal/provider/maintenance_resource.go:215.39,217.3 1 0
github.com/develeap/terraform-provider-hyperping/internal/provider/maintenance_resource.go:218.2,218.40 1 0
github.com/develeap/terraform-provider-hyperping/internal/provider/maintenance_resource.go:218.40,221.3 2 0
github.com/develeap/terraform-provider-hyperping/internal/provider/maintenance_resource.go:224.2,225.16 2 0
github.com/develeap/terraform-provider-hyperping/internal/provider/maintenance_resource.go:225.16,231.3 2 0
github.com/develeap/terraform-provider-hyperping/internal/provider/maintenance_resource.go:234.2,235.33 2 0
github.com/develeap/terraform-provider-hyperping/internal/provider/maintenance_resource.go:235.33,237.3 1 0
github.com/develeap/terraform-provider-hyperping/internal/provider/maintenance_resource.go:239.2,239.56 1 0
github.com/develeap/terraform-provider-hyperping/internal/provider/maintenance_resource.go:243.112,247.33 3 0
github.com/develeap/terraform-provider-hyperping/internal/provider/maintenance_resource.go:247.33,249.3 1 0
github.com/develeap/terraform-provider-hyperping/internal/provider/maintenance_resource.go:251.2,252.16 2 0
github.com/develeap/terraform-provider-hyperping/internal/provider/maintenance_resource.go:252.16,253.29 1 0
github.com/develeap/terraform-provider-hyperping/internal/provider/maintenance_resource.go:253.29,256.4 2 0
github.com/develeap/terraform-provider-hyperping/internal/provider/maintenance_resource.go:257.3,261.9 2 0
github.com/develeap/terraform-provider-hyperping/internal/provider/maintenance_resource.go:264.2,265.33 2 0
github.com/develeap/terraform-provider-hyperping/internal/provider/maintenance_resource.go:265.33,267.3 1 0
github.com/develeap/terraform-provider-hyperping/internal/provider/maintenance_resource.go:269.2,269.57 1 0
github.com/develeap/terraform-provider-hyperping/internal/provider/maintenance_resource.go:273.118,279.33 5 0
github.com/develeap/terraform-provider-hyperping/internal/provider/maintenance_resource.go:279.33,281.3 1 0
github.com/develeap/terraform-provider-hyperping/internal/provider/maintenance_resource.go:284.2,287.34 2 0
github.com/develeap/terraform-provider-hyperping/internal/provider/maintenance_resource.go:287.34,290.3 2 0
github.com/develeap/terraform-provider-hyperping/internal/provider/maintenance_resource.go:292.2,292.44 1 0
github.com/develeap/terraform-provider-hyperping/internal/provider/maintenance_resource.go:292.44,295.3 2 0
github.com/develeap/terraform-provider-hyperping/internal/provider/maintenance_resource.go:297.2,297.40 1 0
github.com/develeap/terraform-provider-hyperping/internal/provider/maintenance_resource.go:297.40,300.3 2 0
github.com/develeap/terraform-provider-hyperping/internal/provider/maintenance_resource.go:303.2,303.42 1 0
github.com/develeap/terraform-provider-hyperping/internal/provider/maintenance_resource.go:303.42,306.34 3 0
github.com/develeap/terraform-provider-hyperping/internal/provider/maintenance_resource.go:306.34,308.4 1 0
github.com/develeap/terraform-provider-hyperping/internal/provider/maintenance_resource.go:309.3,309.33 1 0
github.com/develeap/terraform-provider-hyperping/internal/provider/maintenance_resource.go:313.2,314.16 2 0
github.com/develeap/terraform-provider-hyperping/internal/provider/maintenance_resource.go:314.16,320.3 2 0
github.com/develeap/terraform-provider-hyperping/internal/provider/maintenance_resource.go:323.2,324.33 2 0
github.com/develeap/terraform-provider-hyperping/internal/provider/maintenance_resource.go:324.33,326.3 1 0
github.com/develeap/terraform-provider-hyperping/internal/provider/maintenance_resource.go:328.2,328.56 1 0
github.com/develeap/terraform-provider-hyperping/internal/provider/maintenance_resource.go:332.118,336.33 3 0
github.com/develeap/terraform-provider-hyperping/internal/provider/maintenance_resource.go:336.33,338.3 1 0
github.com/develeap/terraform-provider-hyperping/internal/provider/maintenance_resource.go:340.2,341.16 2 0
github.com/develeap/terraform-provider-hyperping/internal/provider/maintenance_resource.go:341.16,342.29 1 0
github.com/develeap/terraform-provider-hyperping/internal/provider/maintenance_resource.go:342.29,345.4 1 0
github.com/develeap/terraform-provider-hyperping/internal/provider/maintenance_resource.go:346.3,350.9 2 0
github.com/develeap/terraform-provider-hyperping/internal/provider/maintenance_resource.go:355.133,357.58 1 0
github.com/develeap/terraform-provider-hyperping/internal/provider/maintenance_resource.go:357.58,360.3 2 0
github.com/develeap/terraform-provider-hyperping/internal/provider/maintenance_resource.go:361.2,361.68 1 0
github.com/develeap/terraform-provider-hyperping/internal/provider/maintenance_resource.go:365.144,370.32 3 4
github.com/develeap/terraform-provider-hyperping/internal/provider/maintenance_resource.go:370.32,372.3 1 1
github.com/develeap/terraform-provider-hyperping/internal/provider/maintenance_resource.go:372.8,374.3 1 3
github.com/develeap/terraform-provider-hyperping/internal/provider/maintenance_resource.go:377.2,377.31 1 4
github.com/develeap/terraform-provider-hyperping/internal/provider/maintenance_resource.go:377.31,379.3 1 1
github.com/develeap/terraform-provider-hyperping/internal/provider/maintenance_resource.go:379.8,381.3 1 3
github.com/develeap/terraform-provider-hyperping/internal/provider/maintenance_resource.go:384.2,384.34 1 4
github.com/develeap/terraform-provider-hyperping/internal/provider/maintenance_resource.go:384.34,386.3 1 3
github.com/develeap/terraform-provider-hyperping/internal/provider/maintenance_resource.go:386.8,388.3 1 1
github.com/develeap/terraform-provider-hyperping/internal/provider/maintenance_resource.go:390.2,390.32 1 4
github.com/develeap/terraform-provider-hyperping/internal/provider/maintenance_resource.go:390.32,392.3 1 3
github.com/develeap/terraform-provider-hyperping/internal/provider/maintenance_resource.go:392.8,394.3 1 1
github.com/develeap/terraform-provider-hyperping/internal/provider/maintenance_resource.go:397.2,403.42 3 4
github.com/develeap/terraform-provider-hyperping/internal/provider/maintenance_resource.go:403.42,405.3 1 1
github.com/develeap/terraform-provider-hyperping/internal/provider/maintenance_resource.go:406.2,406.44 1 4
github.com/develeap/terraform-provider-hyperping/internal/provider/maintenance_resource.go:406.44,408.3 1 1
github.com/develeap/terraform-provider-hyperping/internal/provider/maintenance_window_data_source.go:25.61,27.2 1 1
github.com/develeap/terraform-provider-hyperping/internal/provider/maintenance_window_data_source.go:49.134,51.2 1 1
github.com/develeap/terraform-provider-hyperping/internal/provider/maintenance_window_data_source.go:54.126,103.2 1 1
github.com/develeap/terraform-provider-hyperping/internal/provider/maintenance_window_data_source.go:106.137,107.29 1 3
github.com/develeap/terraform-provider-hyperping/internal/provider/maintenance_window_data_source.go:107.29,109.3 1 1
github.com/develeap/terraform-provider-hyperping/internal/provider/maintenance_window_data_source.go:111.2,112.9 2 2
github.com/develeap/terraform-provider-hyperping/internal/provider/maintenance_window_data_source.go:112.9,118.3 2 1
github.com/develeap/terraform-provider-hyperping/internal/provider/maintenance_window_data_source.go:120.2,120.14 1 1
github.com/develeap/terraform-provider-hyperping/internal/provider/maintenance_window_data_source.go:124.124,128.33 3 0
github.com/develeap/terraform-provider-hyperping/internal/provider/maintenance_window_data_source.go:128.33,130.3 1 0
github.com/develeap/terraform-provider-hyperping/internal/provider/maintenance_window_data_source.go:132.2,132.75 1 0
github.com/develeap/terraform-provider-hyperping/internal/provider/maintenance_window_data_source.go:132.75,135.3 2 0
github.com/develeap/terraform-provider-hyperping/internal/provider/maintenance_window_data_source.go:137.2,138.16 2 0
github.com/develeap/terraform-provider-hyperping/internal/provider/maintenance_window_data_source.go:138.16,144.3 2 0
github.com/develeap/terraform-provider-hyperping/internal/provider/maintenance_window_data_source.go:146.2,147.33 2 0
github.com/develeap/terraform-provider-hyperping/internal/provider/maintenance_window_data_source.go:147.33,149.3 1 0
github.com/develeap/terraform-provider-hyperping/internal/provider/maintenance_window_data_source.go:151.2,151.58 1 0
github.com/develeap/terraform-provider-hyperping/internal/provider/maintenance_window_data_source.go:155.164,163.28 7 2
github.com/develeap/terraform-provider-hyperping/internal/provider/maintenance_window_data_source.go:163.28,165.3 1 1
github.com/develeap/terraform-provider-hyperping/internal/provider/maintenance_window_data_source.go:165.8,167.3 1 1
github.com/develeap/terraform-provider-hyperping/internal/provider/maintenance_window_data_source.go:169.2,169.26 1 2
github.com/develeap/terraform-provider-hyperping/internal/provider/maintenance_window_data_source.go:169.26,171.3 1 1
github.com/develeap/terraform-provider-hyperping/internal/provider/maintenance_window_data_source.go:171.8,173.3 1 1
github.com/develeap/terraform-provider-hyperping/internal/provider/maintenance_window_data_source.go:175.2,176.68 2 2
github.com/develeap/terraform-provider-hyperping/internal/provider/maintenance_windows_data_source.go:25.62,27.2 1 1
github.com/develeap/terraform-provider-hyperping/internal/provider/maintenance_windows_data_source.go:54.135,56.2 1 1
github.com/develeap/terraform-provider-hyperping/internal/provider/maintenance_windows_data_source.go:59.127,116.2 1 1
github.com/develeap/terraform-provider-hyperping/internal/provider/maintenance_windows_data_source.go:119.138,120.29 1 3
github.com/develeap/terraform-provider-hyperping/internal/provider/maintenance_windows_data_source.go:120.29,122.3 1 1
github.com/develeap/terraform-provider-hyperping/internal/provider/maintenance_windows_data_source.go:124.2,125.9 2 2
github.com/develeap/terraform-provider-hyperping/internal/provider/maintenance_windows_data_source.go:125.9,131.3 2 1
github.com/develeap/terraform-provider-hyperping/internal/provider/maintenance_windows_data_source.go:133.2,133.14 1 1
github.com/develeap/terraform-provider-hyperping/internal/provider/maintenance_windows_data_source.go:137.125,142.16 3 0
github.com/develeap/terraform-provider-hyperping/internal/provider/maintenance_windows_data_source.go:142.16,148.3 2 0
github.com/develeap/terraform-provider-hyperping/internal/provider/maintenance_windows_data_source.go:151.2,152.37 2 0
github.com/develeap/terraform-provider-hyperping/internal/provider/maintenance_windows_data_source.go:152.37,154.34 2 0
github.com/develeap/terraform-provider-hyperping/internal/provider/maintenance_windows_data_source.go:154.34,156.4 1 0
github.com/develeap/terraform-provider-hyperping/internal/provider/maintenance_windows_data_source.go:159.2,159.57 1 0
github.com/develeap/terraform-provider-hyperping/internal/provider/maintenance_windows_data_source.go:163.153,171.28 7 2
github.com/develeap/terraform-provider-hyperping/internal/provider/maintenance_windows_data_source.go:171.28,173.3 1 1
github.com/develeap/terraform-provider-hyperping/internal/provider/maintenance_windows_data_source.go:173.8,175.3 1 1
github.com/develeap/terraform-provider-hyperping/internal/provider/maintenance_windows_data_source.go:177.2,177.26 1 2
github.com/develeap/terraform-provider-hyperping/internal/provider/maintenance_windows_data_source.go:177.26,179.3 1 1
github.com/develeap/terraform-provider-hyperping/internal/provider/maintenance_windows_data_source.go:179.8,181.3 1 1
github.com/develeap/terraform-provider-hyperping/internal/provider/maintenance_windows_data_source.go:183.2,184.68 2 2
github.com/develeap/terraform-provider-hyperping/internal/provider/mapping.go:16.99,36.31 4 6
github.com/develeap/terraform-provider-hyperping/internal/provider/mapping.go:36.31,38.3 1 2
github.com/develeap/terraform-provider-hyperping/internal/provider/mapping.go:38.8,40.3 1 4
github.com/develeap/terraform-provider-hyperping/internal/provider/mapping.go:43.2,43.25 1 6
github.com/develeap/terraform-provider-hyperping/internal/provider/mapping.go:43.25,45.3 1 0
github.com/develeap/terraform-provider-hyperping/internal/provider/mapping.go:45.8,47.3 1 6
github.com/develeap/terraform-provider-hyperping/internal/provider/mapping.go:50.2,50.28 1 6
github.com/develeap/terraform-provider-hyperping/internal/provider/mapping.go:50.28,52.3 1 0
github.com/develeap/terraform-provider-hyperping/internal/provider/mapping.go:52.8,54.3 1 6
github.com/develeap/terraform-provider-hyperping/internal/provider/mapping.go:57.2,57.72 1 6
github.com/develeap/terraform-provider-hyperping/internal/provider/mapping.go:57.72,59.3 1 0
github.com/develeap/terraform-provider-hyperping/internal/provider/mapping.go:59.8,61.3 1 6
github.com/develeap/terraform-provider-hyperping/internal/provider/mapping.go:64.2,64.70 1 6
github.com/develeap/terraform-provider-hyperping/internal/provider/mapping.go:64.70,66.3 1 0
github.com/develeap/terraform-provider-hyperping/internal/provider/mapping.go:66.8,68.3 1 6
github.com/develeap/terraform-provider-hyperping/internal/provider/mapping.go:70.2,70.15 1 6
github.com/develeap/terraform-provider-hyperping/internal/provider/mapping.go:94.79,95.21 1 51
github.com/develeap/terraform-provider-hyperping/internal/provider/mapping.go:95.21,97.3 1 26
github.com/develeap/terraform-provider-hyperping/internal/provider/mapping.go:99.2,100.26 2 25
github.com/develeap/terraform-provider-hyperping/internal/provider/mapping.go:100.26,102.3 1 41
github.com/develeap/terraform-provider-hyperping/internal/provider/mapping.go:104.2,106.13 3 25
github.com/develeap/terraform-provider-hyperping/internal/provider/mapping.go:110.52,115.2 1 14
github.com/develeap/terraform-provider-hyperping/internal/provider/mapping.go:118.55,125.2 1 7
github.com/develeap/terraform-provider-hyperping/internal/provider/mapping.go:128.53,134.2 1 7
github.com/develeap/terraform-provider-hyperping/internal/provider/mapping.go:137.100,138.23 1 6
github.com/develeap/terraform-provider-hyperping/internal/provider/mapping.go:138.23,140.3 1 4
github.com/develeap/terraform-provider-hyperping/internal/provider/mapping.go:142.2,143.28 2 2
github.com/develeap/terraform-provider-hyperping/internal/provider/mapping.go:143.28,150.3 3 2
github.com/develeap/terraform-provider-hyperping/internal/provider/mapping.go:152.2,154.13 3 2
github.com/develeap/terraform-provider-hyperping/internal/provider/mapping.go:180.81,181.15 1 8
github.com/develeap/terraform-provider-hyperping/internal/provider/mapping.go:181.15,200.3 1 1
github.com/develeap/terraform-provider-hyperping/internal/provider/mapping.go:201.2,213.19 2 7
github.com/develeap/terraform-provider-hyperping/internal/provider/mapping.go:213.19,215.3 1 3
github.com/develeap/terraform-provider-hyperping/internal/provider/mapping.go:215.8,217.3 1 4
github.com/develeap/terraform-provider-hyperping/internal/provider/mapping.go:218.2,218.17 1 7
github.com/develeap/terraform-provider-hyperping/internal/provider/mapping.go:218.17,220.3 1 3
github.com/develeap/terraform-provider-hyperping/internal/provider/mapping.go:220.8,222.3 1 4
github.com/develeap/terraform-provider-hyperping/internal/provider/mapping.go:223.2,223.27 1 7
github.com/develeap/terraform-provider-hyperping/internal/provider/mapping.go:223.27,225.3 1 3
github.com/develeap/terraform-provider-hyperping/internal/provider/mapping.go:225.8,227.3 1 4
github.com/develeap/terraform-provider-hyperping/internal/provider/mapping.go:228.2,228.25 1 7
github.com/develeap/terraform-provider-hyperping/internal/provider/mapping.go:228.25,230.3 1 3
github.com/develeap/terraform-provider-hyperping/internal/provider/mapping.go:230.8,232.3 1 4
github.com/develeap/terraform-provider-hyperping/internal/provider/mapping.go:233.2,233.32 1 7
github.com/develeap/terraform-provider-hyperping/internal/provider/mapping.go:233.32,235.3 1 2
github.com/develeap/terraform-provider-hyperping/internal/provider/mapping.go:235.8,237.3 1 5
github.com/develeap/terraform-provider-hyperping/internal/provider/mapping.go:238.2,238.23 1 7
github.com/develeap/terraform-provider-hyperping/internal/provider/mapping.go:238.23,240.3 1 3
github.com/develeap/terraform-provider-hyperping/internal/provider/mapping.go:240.8,242.3 1 4
github.com/develeap/terraform-provider-hyperping/internal/provider/mapping.go:243.2,243.24 1 7
github.com/develeap/terraform-provider-hyperping/internal/provider/mapping.go:243.24,245.3 1 3
github.com/develeap/terraform-provider-hyperping/internal/provider/mapping.go:245.8,247.3 1 4
github.com/develeap/terraform-provider-hyperping/internal/provider/mapping.go:249.2,249.10 1 7
github.com/develeap/terraform-provider-hyperping/internal/provider/mapping.go:254.106,255.19 1 7
github.com/develeap/terraform-provider-hyperping/internal/provider/mapping.go:255.19,257.3 1 1
github.com/develeap/terraform-provider-hyperping/internal/provider/mapping.go:260.2,261.88 2 6
github.com/develeap/terraform-provider-hyperping/internal/provider/mapping.go:261.88,263.3 1 1
github.com/develeap/terraform-provider-hyperping/internal/provider/mapping.go:263.8,272.3 3 5
github.com/develeap/terraform-provider-hyperping/internal/provider/mapping.go:274.2,275.34 2 6
github.com/develeap/terraform-provider-hyperping/internal/provider/mapping.go:275.34,283.3 3 3
github.com/develeap/terraform-provider-hyperping/internal/provider/mapping.go:283.8,285.3 1 3
github.com/develeap/terraform-provider-hyperping/internal/provider/mapping.go:287.2,287.27 1 6
github.com/develeap/terraform-provider-hyperping/internal/provider/mapping.go:291.97,292.39 1 0
github.com/develeap/terraform-provider-hyperping/internal/provider/mapping.go:292.39,294.3 1 0
github.com/develeap/terraform-provider-hyperping/internal/provider/mapping.go:296.2,299.32 3 0
github.com/develeap/terraform-provider-hyperping/internal/provider/mapping.go:299.32,301.10 2 0
github.com/develeap/terraform-provider-hyperping/internal/provider/mapping.go:301.10,303.12 2 0
github.com/develeap/terraform-provider-hyperping/internal/provider/mapping.go:306.3,308.14 3 0
github.com/develeap/terraform-provider-hyperping/internal/provider/mapping.go:308.14,310.12 2 0
github.com/develeap/terraform-provider-hyperping/internal/provider/mapping.go:312.3,313.15 2 0
github.com/develeap/terraform-provider-hyperping/internal/provider/mapping.go:313.15,315.12 2 0
github.com/develeap/terraform-provider-hyperping/internal/provider/mapping.go:318.3,318.40 1 0
github.com/develeap/terraform-provider-hyperping/internal/provider/mapping.go:318.40,323.4 1 0
github.com/develeap/terraform-provider-hyperping/internal/provider/mapping.go:326.2,326.16 1 0
github.com/develeap/terraform-provider-hyperping/internal/provider/monitor_data_source.go:25.51,27.2 1 1
github.com/develeap/terraform-provider-hyperping/internal/provider/monitor_data_source.go:55.124,57.2 1 1
github.com/develeap/terraform-provider-hyperping/internal/provider/monitor_data_source.go:60.116,144.2 1 1
github.com/develeap/terraform-provider-hyperping/internal/provider/monitor_data_source.go:147.127,148.29 1 3
github.com/develeap/terraform-provider-hyperping/internal/provider/monitor_data_source.go:148.29,150.3 1 1
github.com/develeap/terraform-provider-hyperping/internal/provider/monitor_data_source.go:152.2,153.9 2 2
github.com/develeap/terraform-provider-hyperping/internal/provider/monitor_data_source.go:153.9,159.3 2 1
github.com/develeap/terraform-provider-hyperping/internal/provider/monitor_data_source.go:161.2,161.14 1 1
github.com/develeap/terraform-provider-hyperping/internal/provider/monitor_data_source.go:165.114,169.33 3 0
github.com/develeap/terraform-provider-hyperping/internal/provider/monitor_data_source.go:169.33,171.3 1 0
github.com/develeap/terraform-provider-hyperping/internal/provider/monitor_data_source.go:173.2,173.75 1 0
github.com/develeap/terraform-provider-hyperping/internal/provider/monitor_data_source.go:173.75,176.3 2 0
github.com/develeap/terraform-provider-hyperping/internal/provider/monitor_data_source.go:178.2,179.16 2 0
github.com/develeap/terraform-provider-hyperping/internal/provider/monitor_data_source.go:179.16,185.3 2 0
github.com/develeap/terraform-provider-hyperping/internal/provider/monitor_data_source.go:187.2,188.33 2 0
github.com/develeap/terraform-provider-hyperping/internal/provider/monitor_data_source.go:188.33,190.3 1 0
github.com/develeap/terraform-provider-hyperping/internal/provider/monitor_data_source.go:192.2,192.58 1 0
github.com/develeap/terraform-provider-hyperping/internal/provider/monitor_data_source.go:196.138,215.2 17 3
github.com/develeap/terraform-provider-hyperping/internal/provider/monitor_report_data_source.go:26.57,28.2 1 0
github.com/develeap/terraform-provider-hyperping/internal/provider/monitor_report_data_source.go:47.45,55.2 1 0
github.com/develeap/terraform-provider-hyperping/internal/provider/monitor_report_data_source.go:58.130,60.2 1 0
github.com/develeap/terraform-provider-hyperping/internal/provider/monitor_report_data_source.go:63.122,120.2 1 0
github.com/develeap/terraform-provider-hyperping/internal/provider/monitor_report_data_source.go:123.133,124.29 1 0
github.com/develeap/terraform-provider-hyperping/internal/provider/monitor_report_data_source.go:124.29,126.3 1 0
github.com/develeap/terraform-provider-hyperping/internal/provider/monitor_report_data_source.go:128.2,129.9 2 0
github.com/develeap/terraform-provider-hyperping/internal/provider/monitor_report_data_source.go:129.9,135.3 2 0
github.com/develeap/terraform-provider-hyperping/internal/provider/monitor_report_data_source.go:137.2,137.14 1 0
github.com/develeap/terraform-provider-hyperping/internal/provider/monitor_report_data_source.go:141.120,145.33 3 0
github.com/develeap/terraform-provider-hyperping/internal/provider/monitor_report_data_source.go:145.33,147.3 1 0
github.com/develeap/terraform-provider-hyperping/internal/provider/monitor_report_data_source.go:150.2,152.27 3 0
github.com/develeap/terraform-provider-hyperping/internal/provider/monitor_report_data_source.go:152.27,154.3 1 0
github.com/develeap/terraform-provider-hyperping/internal/provider/monitor_report_data_source.go:155.2,155.25 1 0
github.com/develeap/terraform-provider-hyperping/internal/provider/monitor_report_data_source.go:155.25,157.3 1 0
github.com/develeap/terraform-provider-hyperping/internal/provider/monitor_report_data_source.go:159.2,159.75 1 0
github.com/develeap/terraform-provider-hyperping/internal/provider/monitor_report_data_source.go:159.75,162.3 2 0
github.com/develeap/terraform-provider-hyperping/internal/provider/monitor_report_data_source.go:164.2,165.16 2 0
github.com/develeap/terraform-provider-hyperping/internal/provider/monitor_report_data_source.go:165.16,171.3 2 0
github.com/develeap/terraform-provider-hyperping/internal/provider/monitor_report_data_source.go:173.2,174.33 2 0
github.com/develeap/terraform-provider-hyperping/internal/provider/monitor_report_data_source.go:174.33,176.3 1 0
github.com/develeap/terraform-provider-hyperping/internal/provider/monitor_report_data_source.go:178.2,178.58 1 0
github.com/develeap/terraform-provider-hyperping/internal/provider/monitor_report_data_source.go:182.154,197.2 6 0
github.com/develeap/terraform-provider-hyperping/internal/provider/monitor_resource.go:36.45,38.2 1 1
github.com/develeap/terraform-provider-hyperping/internal/provider/monitor_resource.go:66.118,68.2 1 1
github.com/develeap/terraform-provider-hyperping/internal/provider/monitor_resource.go:71.110,190.2 1 1
github.com/develeap/terraform-provider-hyperping/internal/provider/monitor_resource.go:193.121,194.29 1 3
github.com/develeap/terraform-provider-hyperping/internal/provider/monitor_resource.go:194.29,196.3 1 1
github.com/develeap/terraform-provider-hyperping/internal/provider/monitor_resource.go:198.2,199.9 2 2
github.com/develeap/terraform-provider-hyperping/internal/provider/monitor_resource.go:199.9,202.3 2 1
github.com/develeap/terraform-provider-hyperping/internal/provider/monitor_resource.go:204.2,204.14 1 1
github.com/develeap/terraform-provider-hyperping/internal/provider/monitor_resource.go:208.114,212.33 3 0
github.com/develeap/terraform-provider-hyperping/internal/provider/monitor_resource.go:212.33,214.3 1 0
github.com/develeap/terraform-provider-hyperping/internal/provider/monitor_resource.go:217.2,218.33 2 0
github.com/develeap/terraform-provider-hyperping/internal/provider/monitor_resource.go:218.33,220.3 1 0
github.com/develeap/terraform-provider-hyperping/internal/provider/monitor_resource.go:223.2,227.16 3 0
github.com/develeap/terraform-provider-hyperping/internal/provider/monitor_resource.go:227.16,230.3 2 0
github.com/develeap/terraform-provider-hyperping/internal/provider/monitor_resource.go:233.2,234.16 2 0
github.com/develeap/terraform-provider-hyperping/internal/provider/monitor_resource.go:234.16,237.3 2 0
github.com/develeap/terraform-provider-hyperping/internal/provider/monitor_resource.go:240.2,241.33 2 0
github.com/develeap/terraform-provider-hyperping/internal/provider/monitor_resource.go:241.33,243.3 1 0
github.com/develeap/terraform-provider-hyperping/internal/provider/monitor_resource.go:246.2,246.16 1 0
github.com/develeap/terraform-provider-hyperping/internal/provider/monitor_resource.go:246.16,248.34 2 0
github.com/develeap/terraform-provider-hyperping/internal/provider/monitor_resource.go:248.34,250.4 1 0
github.com/develeap/terraform-provider-hyperping/internal/provider/monitor_resource.go:253.2,253.56 1 0
github.com/develeap/terraform-provider-hyperping/internal/provider/monitor_resource.go:257.108,261.33 3 0
github.com/develeap/terraform-provider-hyperping/internal/provider/monitor_resource.go:261.33,263.3 1 0
github.com/develeap/terraform-provider-hyperping/internal/provider/monitor_resource.go:265.2,266.16 2 0
github.com/develeap/terraform-provider-hyperping/internal/provider/monitor_resource.go:266.16,267.29 1 0
github.com/develeap/terraform-provider-hyperping/internal/provider/monitor_resource.go:267.29,270.4 2 0
github.com/develeap/terraform-provider-hyperping/internal/provider/monitor_resource.go:271.3,272.9 2 0
github.com/develeap/terraform-provider-hyperping/internal/provider/monitor_resource.go:275.2,276.33 2 0
github.com/develeap/terraform-provider-hyperping/internal/provider/monitor_resource.go:276.33,278.3 1 0
github.com/develeap/terraform-provider-hyperping/internal/provider/monitor_resource.go:280.2,280.57 1 0
github.com/develeap/terraform-provider-hyperping/internal/provider/monitor_resource.go:284.114,290.33 5 0
github.com/develeap/terraform-provider-hyperping/internal/provider/monitor_resource.go:290.33,292.3 1 0
github.com/develeap/terraform-provider-hyperping/internal/provider/monitor_resource.go:295.2,296.33 2 0
github.com/develeap/terraform-provider-hyperping/internal/provider/monitor_resource.go:296.33,298.3 1 0
github.com/develeap/terraform-provider-hyperping/internal/provider/monitor_resource.go:301.2,302.16 2 0
github.com/develeap/terraform-provider-hyperping/internal/provider/monitor_resource.go:302.16,305.3 2 0
github.com/develeap/terraform-provider-hyperping/internal/provider/monitor_resource.go:308.2,309.33 2 0
github.com/develeap/terraform-provider-hyperping/internal/provider/monitor_resource.go:309.33,311.3 1 0
github.com/develeap/terraform-provider-hyperping/internal/provider/monitor_resource.go:313.2,313.56 1 0
github.com/develeap/terraform-provider-hyperping/internal/provider/monitor_resource.go:317.114,321.33 3 0
github.com/develeap/terraform-provider-hyperping/internal/provider/monitor_resource.go:321.33,323.3 1 0
github.com/develeap/terraform-provider-hyperping/internal/provider/monitor_resource.go:325.2,326.16 2 0
github.com/develeap/terraform-provider-hyperping/internal/provider/monitor_resource.go:326.16,327.29 1 0
github.com/develeap/terraform-provider-hyperping/internal/provider/monitor_resource.go:327.29,330.4 1 0
github.com/develeap/terraform-provider-hyperping/internal/provider/monitor_resource.go:331.3,332.9 2 0
github.com/develeap/terraform-provider-hyperping/internal/provider/monitor_resource.go:337.129,339.58 1 0
github.com/develeap/terraform-provider-hyperping/internal/provider/monitor_resource.go:339.58,342.3 2 0
github.com/develeap/terraform-provider-hyperping/internal/provider/monitor_resource.go:343.2,343.68 1 0
github.com/develeap/terraform-provider-hyperping/internal/provider/monitor_resource.go:347.124,362.38 11 5
github.com/develeap/terraform-provider-hyperping/internal/provider/monitor_resource.go:362.38,364.3 1 4
github.com/develeap/terraform-provider-hyperping/internal/provider/monitor_resource.go:364.8,366.44 2 1
github.com/develeap/terraform-provider-hyperping/internal/provider/monitor_resource.go:366.44,373.4 3 1
github.com/develeap/terraform-provider-hyperping/internal/provider/monitor_resource.go:374.3,376.30 3 1
github.com/develeap/terraform-provider-hyperping/internal/provider/monitor_resource.go:380.2,380.31 1 5
github.com/develeap/terraform-provider-hyperping/internal/provider/monitor_resource.go:380.31,382.3 1 1
github.com/develeap/terraform-provider-hyperping/internal/provider/monitor_resource.go:382.8,384.3 1 4
github.com/develeap/terraform-provider-hyperping/internal/provider/monitor_resource.go:387.2,387.25 1 5
github.com/develeap/terraform-provider-hyperping/internal/provider/monitor_resource.go:387.25,389.3 1 1
github.com/develeap/terraform-provider-hyperping/internal/provider/monitor_resource.go:389.8,391.3 1 4
github.com/develeap/terraform-provider-hyperping/internal/provider/monitor_resource.go:394.2,394.28 1 5
github.com/develeap/terraform-provider-hyperping/internal/provider/monitor_resource.go:394.28,396.3 1 1
github.com/develeap/terraform-provider-hyperping/internal/provider/monitor_resource.go:396.8,398.3 1 4
github.com/develeap/terraform-provider-hyperping/internal/provider/monitor_resource.go:401.2,401.72 1 5
github.com/develeap/terraform-provider-hyperping/internal/provider/monitor_resource.go:401.72,403.3 1 1
github.com/develeap/terraform-provider-hyperping/internal/provider/monitor_resource.go:403.8,405.3 1 4
github.com/develeap/terraform-provider-hyperping/internal/provider/monitor_resource.go:408.2,408.70 1 5
github.com/develeap/terraform-provider-hyperping/internal/provider/monitor_resource.go:408.70,410.3 1 1
github.com/develeap/terraform-provider-hyperping/internal/provider/monitor_resource.go:410.8,412.3 1 4
github.com/develeap/terraform-provider-hyperping/internal/provider/monitor_resource.go:417.148,431.36 3 0
github.com/develeap/terraform-provider-hyperping/internal/provider/monitor_resource.go:431.36,434.24 3 0
github.com/develeap/terraform-provider-hyperping/internal/provider/monitor_resource.go:434.24,436.4 1 0
github.com/develeap/terraform-provider-hyperping/internal/provider/monitor_resource.go:440.2,440.43 1 0
github.com/develeap/terraform-provider-hyperping/internal/provider/monitor_resource.go:440.43,442.3 1 0
github.com/develeap/terraform-provider-hyperping/internal/provider/monitor_resource.go:445.2,459.18 6 0
github.com/develeap/terraform-provider-hyperping/internal/provider/monitor_resource.go:464.141,466.16 2 0
github.com/develeap/terraform-provider-hyperping/internal/provider/monitor_resource.go:466.16,469.3 2 0
github.com/develeap/terraform-provider-hyperping/internal/provider/monitor_resource.go:470.2,470.37 1 0
github.com/develeap/terraform-provider-hyperping/internal/provider/monitor_resource.go:475.177,485.2 4 0
github.com/develeap/terraform-provider-hyperping/internal/provider/monitor_resource.go:489.148,490.34 1 0
github.com/develeap/terraform-provider-hyperping/internal/provider/monitor_resource.go:490.34,492.3 1 0
github.com/develeap/terraform-provider-hyperping/internal/provider/monitor_resource.go:494.2,494.32 1 0
github.com/develeap/terraform-provider-hyperping/internal/provider/monitor_resource.go:494.32,496.3 1 0
github.com/develeap/terraform-provider-hyperping/internal/provider/monitor_resource.go:498.2,498.42 1 0
github.com/develeap/terraform-provider-hyperping/internal/provider/monitor_resource.go:498.42,500.3 1 0
github.com/develeap/terraform-provider-hyperping/internal/provider/monitor_resource.go:502.2,502.46 1 0
github.com/develeap/terraform-provider-hyperping/internal/provider/monitor_resource.go:502.46,504.3 1 0
github.com/develeap/terraform-provider-hyperping/internal/provider/monitor_resource.go:506.2,506.54 1 0
github.com/develeap/terraform-provider-hyperping/internal/provider/monitor_resource.go:506.54,508.3 1 0
github.com/develeap/terraform-provider-hyperping/internal/provider/monitor_resource.go:510.2,510.62 1 0
github.com/develeap/terraform-provider-hyperping/internal/provider/monitor_resource.go:510.62,512.3 1 0
github.com/develeap/terraform-provider-hyperping/internal/provider/monitor_resource.go:514.2,514.56 1 0
github.com/develeap/terraform-provider-hyperping/internal/provider/monitor_resource.go:514.56,516.3 1 0
github.com/develeap/terraform-provider-hyperping/internal/provider/monitor_resource.go:518.2,518.38 1 0
github.com/develeap/terraform-provider-hyperping/internal/provider/monitor_resource.go:518.38,520.3 1 0
github.com/develeap/terraform-provider-hyperping/internal/provider/monitor_resource.go:525.195,527.69 1 0
github.com/develeap/terraform-provider-hyperping/internal/provider/monitor_resource.go:527.69,528.28 1 0
github.com/develeap/terraform-provider-hyperping/internal/provider/monitor_resource.go:528.28,531.4 2 0
github.com/develeap/terraform-provider-hyperping/internal/provider/monitor_resource.go:531.9,534.25 3 0
github.com/develeap/terraform-provider-hyperping/internal/provider/monitor_resource.go:534.25,536.5 1 0
github.com/develeap/terraform-provider-hyperping/internal/provider/monitor_resource.go:541.2,541.90 1 0
github.com/develeap/terraform-provider-hyperping/internal/provider/monitor_resource.go:541.90,542.35 1 0
github.com/develeap/terraform-provider-hyperping/internal/provider/monitor_resource.go:542.35,545.4 2 0
github.com/develeap/terraform-provider-hyperping/internal/provider/monitor_resource.go:545.9,547.25 2 0
github.com/develeap/terraform-provider-hyperping/internal/provider/monitor_resource.go:547.25,549.5 1 0
github.com/develeap/terraform-provider-hyperping/internal/provider/monitor_resource.go:554.2,554.48 1 0
github.com/develeap/terraform-provider-hyperping/internal/provider/monitor_resource.go:554.48,555.32 1 0
github.com/develeap/terraform-provider-hyperping/internal/provider/monitor_resource.go:555.32,558.4 2 0
github.com/develeap/terraform-provider-hyperping/internal/provider/monitor_resource.go:558.9,560.4 1 0
github.com/develeap/terraform-provider-hyperping/internal/provider/monitor_resource.go:564.2,564.34 1 0
github.com/develeap/terraform-provider-hyperping/internal/provider/monitor_resource.go:564.34,566.3 1 0
github.com/develeap/terraform-provider-hyperping/internal/provider/monitor_resource.go:569.2,569.46 1 0
github.com/develeap/terraform-provider-hyperping/internal/provider/monitor_resource.go:569.46,570.31 1 0
github.com/develeap/terraform-provider-hyperping/internal/provider/monitor_resource.go:570.31,573.4 2 0
github.com/develeap/terraform-provider-hyperping/internal/provider/monitor_resource.go:573.9,575.4 1 0
github.com/develeap/terraform-provider-hyperping/internal/provider/monitor_resource.go:579.2,579.58 1 0
github.com/develeap/terraform-provider-hyperping/internal/provider/monitor_resource.go:579.58,580.37 1 0
github.com/develeap/terraform-provider-hyperping/internal/provider/monitor_resource.go:580.37,583.4 2 0
github.com/develeap/terraform-provider-hyperping/internal/provider/monitor_resource.go:583.9,585.4 1 0
github.com/develeap/terraform-provider-hyperping/internal/provider/monitor_resource.go:589.2,589.56 1 0
github.com/develeap/terraform-provider-hyperping/internal/provider/monitor_resource.go:589.56,590.36 1 0
github.com/develeap/terraform-provider-hyperping/internal/provider/monitor_resource.go:590.36,593.4 2 0
github.com/develeap/terraform-provider-hyperping/internal/provider/monitor_resource.go:593.9,595.4 1 0
github.com/develeap/terraform-provider-hyperping/internal/provider/monitor_resource_test_helpers.go:19.69,31.2 1 16
github.com/develeap/terraform-provider-hyperping/internal/provider/monitor_resource_test_helpers.go:33.62,58.2 1 1
github.com/develeap/terraform-provider-hyperping/internal/provider/monitor_resource_test_helpers.go:60.64,73.2 1 2
github.com/develeap/terraform-provider-hyperping/internal/provider/monitor_resource_test_helpers.go:75.90,76.40 1 1
github.com/develeap/terraform-provider-hyperping/internal/provider/monitor_resource_test_helpers.go:76.40,79.3 2 0
github.com/develeap/terraform-provider-hyperping/internal/provider/monitor_resource_test_helpers.go:82.67,98.2 1 1
github.com/develeap/terraform-provider-hyperping/internal/provider/monitor_resource_test_helpers.go:100.69,116.2 1 2
github.com/develeap/terraform-provider-hyperping/internal/provider/monitor_resource_test_helpers.go:118.76,133.2 1 1
github.com/develeap/terraform-provider-hyperping/internal/provider/monitor_resource_test_helpers.go:135.72,149.2 1 3
github.com/develeap/terraform-provider-hyperping/internal/provider/monitor_resource_test_helpers.go:151.78,164.2 1 3
github.com/develeap/terraform-provider-hyperping/internal/provider/monitor_resource_test_helpers.go:166.87,179.2 1 2
github.com/develeap/terraform-provider-hyperping/internal/provider/monitor_resource_test_helpers.go:183.69,203.2 1 1
github.com/develeap/terraform-provider-hyperping/internal/provider/monitor_resource_test_helpers.go:214.64,221.94 2 13
github.com/develeap/terraform-provider-hyperping/internal/provider/monitor_resource_test_helpers.go:221.94,223.3 1 0
github.com/develeap/terraform-provider-hyperping/internal/provider/monitor_resource_test_helpers.go:225.2,225.10 1 13
github.com/develeap/terraform-provider-hyperping/internal/provider/monitor_resource_test_helpers.go:230.66,244.2 1 0
github.com/develeap/terraform-provider-hyperping/internal/provider/monitor_resource_test_helpers.go:257.84,266.94 2 5
github.com/develeap/terraform-provider-hyperping/internal/provider/monitor_resource_test_helpers.go:266.94,268.3 1 0
github.com/develeap/terraform-provider-hyperping/internal/provider/monitor_resource_test_helpers.go:270.2,270.10 1 5
github.com/develeap/terraform-provider-hyperping/internal/provider/monitor_resource_test_helpers.go:273.64,273.85 1 1
github.com/develeap/terraform-provider-hyperping/internal/provider/monitor_resource_test_helpers.go:274.64,274.83 1 0
github.com/develeap/terraform-provider-hyperping/internal/provider/monitor_resource_test_helpers.go:275.64,275.85 1 0
github.com/develeap/terraform-provider-hyperping/internal/provider/monitor_resource_test_helpers.go:276.64,276.85 1 0
github.com/develeap/terraform-provider-hyperping/internal/provider/monitor_resource_test_helpers.go:277.64,277.84 1 1
github.com/develeap/terraform-provider-hyperping/internal/provider/monitor_resource_test_helpers.go:279.105,282.9 2 0
github.com/develeap/terraform-provider-hyperping/internal/provider/monitor_resource_test_helpers.go:283.58,284.20 1 0
github.com/develeap/terraform-provider-hyperping/internal/provider/monitor_resource_test_helpers.go:284.20,286.105 2 0
github.com/develeap/terraform-provider-hyperping/internal/provider/monitor_resource_test_helpers.go:286.105,288.5 1 0
github.com/develeap/terraform-provider-hyperping/internal/provider/monitor_resource_test_helpers.go:289.4,289.10 1 0
github.com/develeap/terraform-provider-hyperping/internal/provider/monitor_resource_test_helpers.go:291.3,291.24 1 0
github.com/develeap/terraform-provider-hyperping/internal/provider/monitor_resource_test_helpers.go:293.67,294.18 1 0
github.com/develeap/terraform-provider-hyperping/internal/provider/monitor_resource_test_helpers.go:294.18,296.105 2 0
github.com/develeap/terraform-provider-hyperping/internal/provider/monitor_resource_test_helpers.go:296.105,298.5 1 0
github.com/develeap/terraform-provider-hyperping/internal/provider/monitor_resource_test_helpers.go:299.4,299.10 1 0
github.com/develeap/terraform-provider-hyperping/internal/provider/monitor_resource_test_helpers.go:301.3,301.21 1 0
github.com/develeap/terraform-provider-hyperping/internal/provider/monitor_resource_test_helpers.go:303.67,304.20 1 0
github.com/develeap/terraform-provider-hyperping/internal/provider/monitor_resource_test_helpers.go:304.20,306.105 2 0
github.com/develeap/terraform-provider-hyperping/internal/provider/monitor_resource_test_helpers.go:306.105,308.5 1 0
github.com/develeap/terraform-provider-hyperping/internal/provider/monitor_resource_test_helpers.go:309.4,309.10 1 0
github.com/develeap/terraform-provider-hyperping/internal/provider/monitor_resource_test_helpers.go:312.3,312.19 1 0
github.com/develeap/terraform-provider-hyperping/internal/provider/monitor_resource_test_helpers.go:312.19,314.63 2 0
github.com/develeap/terraform-provider-hyperping/internal/provider/monitor_resource_test_helpers.go:314.63,317.5 2 0
github.com/develeap/terraform-provider-hyperping/internal/provider/monitor_resource_test_helpers.go:318.4,318.56 1 0
github.com/develeap/terraform-provider-hyperping/internal/provider/monitor_resource_test_helpers.go:318.56,320.100 2 0
github.com/develeap/terraform-provider-hyperping/internal/provider/monitor_resource_test_helpers.go:320.100,322.6 1 0
github.com/develeap/terraform-provider-hyperping/internal/provider/monitor_resource_test_helpers.go:323.5,323.11 1 0
github.com/develeap/terraform-provider-hyperping/internal/provider/monitor_resource_test_helpers.go:326.3,326.24 1 0
github.com/develeap/terraform-provider-hyperping/internal/provider/monitor_resource_test_helpers.go:328.70,329.20 1 0
github.com/develeap/terraform-provider-hyperping/internal/provider/monitor_resource_test_helpers.go:329.20,331.105 2 0
github.com/develeap/terraform-provider-hyperping/internal/provider/monitor_resource_test_helpers.go:331.105,333.5 1 0
[...]
github.com/develeap/terraform-provider-hyperping/internal/client/models_maintenance.go:59.2,59.80 1 2
github.com/develeap/terraform-provider-hyperping/internal/client/models_maintenance.go:59.80,61.3 1 0
github.com/develeap/terraform-provider-hyperping/internal/client/models_maintenance.go:62.2,62.12 1 2
github.com/develeap/terraform-provider-hyperping/internal/client/models_monitor.go:55.48,56.76 1 9
github.com/develeap/terraform-provider-hyperping/internal/client/models_monitor.go:56.76,58.3 1 2
github.com/develeap/terraform-provider-hyperping/internal/client/models_monitor.go:59.2,59.73 1 7
github.com/develeap/terraform-provider-hyperping/internal/client/models_monitor.go:59.73,61.3 1 1
github.com/develeap/terraform-provider-hyperping/internal/client/models_monitor.go:62.2,62.12 1 6
github.com/develeap/terraform-provider-hyperping/internal/client/models_outage.go:79.47,80.93 1 3
github.com/develeap/terraform-provider-hyperping/internal/client/models_outage.go:80.93,82.3 1 1
github.com/develeap/terraform-provider-hyperping/internal/client/models_outage.go:83.2,83.12 1 2
github.com/develeap/terraform-provider-hyperping/internal/client/models_statuspage.go:151.51,152.76 1 3
github.com/develeap/terraform-provider-hyperping/internal/client/models_statuspage.go:152.76,154.3 1 1
github.com/develeap/terraform-provider-hyperping/internal/client/models_statuspage.go:155.2,155.22 1 2
github.com/develeap/terraform-provider-hyperping/internal/client/models_statuspage.go:155.22,156.83 1 0
github.com/develeap/terraform-provider-hyperping/internal/client/models_statuspage.go:156.83,158.4 1 0
github.com/develeap/terraform-provider-hyperping/internal/client/models_statuspage.go:160.2,160.12 1 2
github.com/develeap/terraform-provider-hyperping/internal/client/models_subscriber.go:46.48,49.43 2 9
github.com/develeap/terraform-provider-hyperping/internal/client/models_subscriber.go:49.43,50.18 1 19
github.com/develeap/terraform-provider-hyperping/internal/client/models_subscriber.go:50.18,52.9 2 7
github.com/develeap/terraform-provider-hyperping/internal/client/models_subscriber.go:55.2,55.16 1 9
github.com/develeap/terraform-provider-hyperping/internal/client/models_subscriber.go:55.16,57.3 1 2
github.com/develeap/terraform-provider-hyperping/internal/client/models_subscriber.go:60.2,60.16 1 7
github.com/develeap/terraform-provider-hyperping/internal/client/models_subscriber.go:61.15,62.39 1 3
github.com/develeap/terraform-provider-hyperping/internal/client/models_subscriber.go:62.39,64.4 1 1
github.com/develeap/terraform-provider-hyperping/internal/client/models_subscriber.go:65.13,66.39 1 2
github.com/develeap/terraform-provider-hyperping/internal/client/models_subscriber.go:66.39,68.4 1 1
github.com/develeap/terraform-provider-hyperping/internal/client/models_subscriber.go:69.15,70.59 1 2
github.com/develeap/terraform-provider-hyperping/internal/client/models_subscriber.go:70.59,72.4 1 1
github.com/develeap/terraform-provider-hyperping/internal/client/models_subscriber.go:76.2,76.23 1 4
github.com/develeap/terraform-provider-hyperping/internal/client/models_subscriber.go:76.23,78.41 2 1
github.com/develeap/terraform-provider-hyperping/internal/client/models_subscriber.go:78.41,79.27 1 10
github.com/develeap/terraform-provider-hyperping/internal/client/models_subscriber.go:79.27,81.10 2 0
github.com/develeap/terraform-provider-hyperping/internal/client/models_subscriber.go:84.3,84.17 1 1
github.com/develeap/terraform-provider-hyperping/internal/client/models_subscriber.go:84.17,86.4 1 1
github.com/develeap/terraform-provider-hyperping/internal/client/models_subscriber.go:89.2,89.12 1 3
github.com/develeap/terraform-provider-hyperping/internal/client/monitors.go:15.71,17.85 2 13
github.com/develeap/terraform-provider-hyperping/internal/client/monitors.go:17.85,19.3 1 4
github.com/develeap/terraform-provider-hyperping/internal/client/monitors.go:25.2,26.16 2 9
github.com/develeap/terraform-provider-hyperping/internal/client/monitors.go:26.16,28.3 1 3
github.com/develeap/terraform-provider-hyperping/internal/client/monitors.go:30.2,30.22 1 6
github.com/develeap/terraform-provider-hyperping/internal/client/monitors.go:34.71,37.55 2 12
github.com/develeap/terraform-provider-hyperping/internal/client/monitors.go:37.55,39.3 1 4
github.com/develeap/terraform-provider-hyperping/internal/client/monitors.go:42.2,46.54 2 8
github.com/develeap/terraform-provider-hyperping/internal/client/monitors.go:46.54,48.3 1 4
github.com/develeap/terraform-provider-hyperping/internal/client/monitors.go:50.2,50.31 1 4
github.com/develeap/terraform-provider-hyperping/internal/client/monitors.go:50.31,52.3 1 1
github.com/develeap/terraform-provider-hyperping/internal/client/monitors.go:53.2,53.27 1 3
github.com/develeap/terraform-provider-hyperping/internal/client/monitors.go:53.27,55.3 1 1
github.com/develeap/terraform-provider-hyperping/internal/client/monitors.go:58.2,58.25 1 2
github.com/develeap/terraform-provider-hyperping/internal/client/monitors.go:62.79,63.47 1 5
github.com/develeap/terraform-provider-hyperping/internal/client/monitors.go:63.47,65.3 1 1
github.com/develeap/terraform-provider-hyperping/internal/client/monitors.go:66.2,68.69 3 4
github.com/develeap/terraform-provider-hyperping/internal/client/monitors.go:68.69,70.3 1 2
github.com/develeap/terraform-provider-hyperping/internal/client/monitors.go:71.2,71.22 1 2
github.com/develeap/terraform-provider-hyperping/internal/client/monitors.go:75.97,76.39 1 6
github.com/develeap/terraform-provider-hyperping/internal/client/monitors.go:76.39,78.3 1 1
github.com/develeap/terraform-provider-hyperping/internal/client/monitors.go:79.2,80.82 2 5
github.com/develeap/terraform-provider-hyperping/internal/client/monitors.go:80.82,82.3 1 3
github.com/develeap/terraform-provider-hyperping/internal/client/monitors.go:83.2,83.22 1 2
github.com/develeap/terraform-provider-hyperping/internal/client/monitors.go:87.108,88.47 1 10
github.com/develeap/terraform-provider-hyperping/internal/client/monitors.go:88.47,90.3 1 1
github.com/develeap/terraform-provider-hyperping/internal/client/monitors.go:91.2,93.69 3 9
github.com/develeap/terraform-provider-hyperping/internal/client/monitors.go:93.69,95.3 1 5
github.com/develeap/terraform-provider-hyperping/internal/client/monitors.go:96.2,96.22 1 4
github.com/develeap/terraform-provider-hyperping/internal/client/monitors.go:100.70,101.47 1 5
github.com/develeap/terraform-provider-hyperping/internal/client/monitors.go:101.47,103.3 1 1
github.com/develeap/terraform-provider-hyperping/internal/client/monitors.go:104.2,105.67 2 4
github.com/develeap/terraform-provider-hyperping/internal/client/monitors.go:105.67,107.3 1 3
github.com/develeap/terraform-provider-hyperping/internal/client/monitors.go:108.2,108.12 1 1
github.com/develeap/terraform-provider-hyperping/internal/client/monitors.go:112.81,115.2 2 2
github.com/develeap/terraform-provider-hyperping/internal/client/monitors.go:118.82,121.2 2 2
github.com/develeap/terraform-provider-hyperping/internal/client/outages.go:15.69,18.54 2 16
github.com/develeap/terraform-provider-hyperping/internal/client/outages.go:18.54,20.3 1 5
github.com/develeap/terraform-provider-hyperping/internal/client/outages.go:23.2,27.54 2 11
github.com/develeap/terraform-provider-hyperping/internal/client/outages.go:27.54,29.3 1 2
github.com/develeap/terraform-provider-hyperping/internal/client/outages.go:31.2,31.30 1 9
github.com/develeap/terraform-provider-hyperping/internal/client/outages.go:31.30,33.3 1 3
github.com/develeap/terraform-provider-hyperping/internal/client/outages.go:34.2,34.27 1 6
github.com/develeap/terraform-provider-hyperping/internal/client/outages.go:34.27,36.3 1 3
github.com/develeap/terraform-provider-hyperping/internal/client/outages.go:39.2,39.24 1 3
github.com/develeap/terraform-provider-hyperping/internal/client/outages.go:44.79,45.49 1 4
github.com/develeap/terraform-provider-hyperping/internal/client/outages.go:45.49,47.3 1 1
github.com/develeap/terraform-provider-hyperping/internal/client/outages.go:48.2,51.68 3 3
github.com/develeap/terraform-provider-hyperping/internal/client/outages.go:51.68,53.3 1 1
github.com/develeap/terraform-provider-hyperping/internal/client/outages.go:55.2,55.21 1 2
github.com/develeap/terraform-provider-hyperping/internal/client/outages.go:65.69,69.73 3 6
github.com/develeap/terraform-provider-hyperping/internal/client/outages.go:69.73,71.3 1 1
github.com/develeap/terraform-provider-hyperping/internal/client/outages.go:74.2,75.16 2 5
github.com/develeap/terraform-provider-hyperping/internal/client/outages.go:75.16,77.3 1 1
github.com/develeap/terraform-provider-hyperping/internal/client/outages.go:79.2,79.21 1 4
github.com/develeap/terraform-provider-hyperping/internal/client/outages.go:87.94,88.39 1 3
github.com/develeap/terraform-provider-hyperping/internal/client/outages.go:88.39,90.3 1 1
github.com/develeap/terraform-provider-hyperping/internal/client/outages.go:91.2,92.80 2 2
github.com/develeap/terraform-provider-hyperping/internal/client/outages.go:92.80,94.3 1 1
github.com/develeap/terraform-provider-hyperping/internal/client/outages.go:95.2,95.21 1 1
github.com/develeap/terraform-provider-hyperping/internal/client/outages.go:100.93,101.49 1 3
github.com/develeap/terraform-provider-hyperping/internal/client/outages.go:101.49,103.3 1 1
github.com/develeap/terraform-provider-hyperping/internal/client/outages.go:104.2,107.71 3 2
github.com/develeap/terraform-provider-hyperping/internal/client/outages.go:107.71,109.3 1 1
github.com/develeap/terraform-provider-hyperping/internal/client/outages.go:111.2,111.23 1 1
github.com/develeap/terraform-provider-hyperping/internal/client/outages.go:116.95,117.49 1 3
github.com/develeap/terraform-provider-hyperping/internal/client/outages.go:117.49,119.3 1 1
github.com/develeap/terraform-provider-hyperping/internal/client/outages.go:120.2,123.71 3 2
github.com/develeap/terraform-provider-hyperping/internal/client/outages.go:123.71,125.3 1 1
github.com/develeap/terraform-provider-hyperping/internal/client/outages.go:127.2,127.23 1 1
github.com/develeap/terraform-provider-hyperping/internal/client/outages.go:132.89,133.49 1 3
github.com/develeap/terraform-provider-hyperping/internal/client/outages.go:133.49,135.3 1 1
github.com/develeap/terraform-provider-hyperping/internal/client/outages.go:136.2,139.71 3 2
github.com/develeap/terraform-provider-hyperping/internal/client/outages.go:139.71,141.3 1 1
github.com/develeap/terraform-provider-hyperping/internal/client/outages.go:143.2,143.23 1 1
github.com/develeap/terraform-provider-hyperping/internal/client/outages.go:148.90,149.49 1 3
github.com/develeap/terraform-provider-hyperping/internal/client/outages.go:149.49,151.3 1 1
github.com/develeap/terraform-provider-hyperping/internal/client/outages.go:152.2,155.71 3 2
github.com/develeap/terraform-provider-hyperping/internal/client/outages.go:155.71,157.3 1 1
github.com/develeap/terraform-provider-hyperping/internal/client/outages.go:159.2,159.23 1 1
github.com/develeap/terraform-provider-hyperping/internal/client/outages.go:164.71,165.49 1 3
github.com/develeap/terraform-provider-hyperping/internal/client/outages.go:165.49,167.3 1 1
github.com/develeap/terraform-provider-hyperping/internal/client/outages.go:168.2,170.67 2 2
github.com/develeap/terraform-provider-hyperping/internal/client/outages.go:170.67,172.3 1 1
github.com/develeap/terraform-provider-hyperping/internal/client/outages.go:174.2,174.12 1 1
github.com/develeap/terraform-provider-hyperping/internal/client/reports.go:16.110,17.49 1 4
github.com/develeap/terraform-provider-hyperping/internal/client/reports.go:17.49,19.3 1 1
github.com/develeap/terraform-provider-hyperping/internal/client/reports.go:20.2,23.28 2 3
github.com/develeap/terraform-provider-hyperping/internal/client/reports.go:23.28,25.17 2 1
github.com/develeap/terraform-provider-hyperping/internal/client/reports.go:25.17,27.4 1 1
github.com/develeap/terraform-provider-hyperping/internal/client/reports.go:28.3,28.15 1 1
github.com/develeap/terraform-provider-hyperping/internal/client/reports.go:28.15,30.4 1 1
github.com/develeap/terraform-provider-hyperping/internal/client/reports.go:31.3,31.38 1 1
github.com/develeap/terraform-provider-hyperping/internal/client/reports.go:34.2,35.68 2 3
github.com/develeap/terraform-provider-hyperping/internal/client/reports.go:35.68,37.3 1 1
github.com/develeap/terraform-provider-hyperping/internal/client/reports.go:38.2,38.21 1 2
github.com/develeap/terraform-provider-hyperping/internal/client/reports.go:43.100,47.28 2 4
github.com/develeap/terraform-provider-hyperping/internal/client/reports.go:47.28,49.17 2 1
github.com/develeap/terraform-provider-hyperping/internal/client/reports.go:49.17,51.4 1 1
github.com/develeap/terraform-provider-hyperping/internal/client/reports.go:52.3,52.15 1 1
github.com/develeap/terraform-provider-hyperping/internal/client/reports.go:52.15,54.4 1 1
github.com/develeap/terraform-provider-hyperping/internal/client/reports.go:55.3,55.38 1 1
github.com/develeap/terraform-provider-hyperping/internal/client/reports.go:58.2,59.69 2 4
github.com/develeap/terraform-provider-hyperping/internal/client/reports.go:59.69,61.3 1 1
github.com/develeap/terraform-provider-hyperping/internal/client/reports.go:62.2,62.21 1 3
github.com/develeap/terraform-provider-hyperping/internal/client/statuspages.go:19.120,24.17 3 4
github.com/develeap/terraform-provider-hyperping/internal/client/statuspages.go:24.17,26.3 1 1
github.com/develeap/terraform-provider-hyperping/internal/client/statuspages.go:27.2,27.36 1 4
github.com/develeap/terraform-provider-hyperping/internal/client/statuspages.go:27.36,29.3 1 1
github.com/develeap/terraform-provider-hyperping/internal/client/statuspages.go:31.2,31.21 1 4
github.com/develeap/terraform-provider-hyperping/internal/client/statuspages.go:31.21,33.3 1 2
github.com/develeap/terraform-provider-hyperping/internal/client/statuspages.go:35.2,36.70 2 4
github.com/develeap/terraform-provider-hyperping/internal/client/statuspages.go:36.70,38.3 1 1
github.com/develeap/terraform-provider-hyperping/internal/client/statuspages.go:40.2,40.23 1 3
github.com/develeap/terraform-provider-hyperping/internal/client/statuspages.go:44.87,45.49 1 4
github.com/develeap/terraform-provider-hyperping/internal/client/statuspages.go:45.49,47.3 1 1
github.com/develeap/terraform-provider-hyperping/internal/client/statuspages.go:49.2,51.72 3 3
github.com/develeap/terraform-provider-hyperping/internal/client/statuspages.go:51.72,53.3 1 2
github.com/develeap/terraform-provider-hyperping/internal/client/statuspages.go:55.2,55.25 1 1
github.com/develeap/terraform-provider-hyperping/internal/client/statuspages.go:59.106,60.39 1 3
github.com/develeap/terraform-provider-hyperping/internal/client/statuspages.go:60.39,62.3 1 1
github.com/develeap/terraform-provider-hyperping/internal/client/statuspages.go:65.2,70.86 2 2
github.com/develeap/terraform-provider-hyperping/internal/client/statuspages.go:70.86,72.3 1 0
github.com/develeap/terraform-provider-hyperping/internal/client/statuspages.go:74.2,74.34 1 2
github.com/develeap/terraform-provider-hyperping/internal/client/statuspages.go:79.119,80.49 1 2
github.com/develeap/terraform-provider-hyperping/internal/client/statuspages.go:80.49,82.3 1 0
github.com/develeap/terraform-provider-hyperping/internal/client/statuspages.go:85.2,91.70 3 2
github.com/develeap/terraform-provider-hyperping/internal/client/statuspages.go:91.70,93.3 1 0
github.com/develeap/terraform-provider-hyperping/internal/client/statuspages.go:95.2,95.34 1 2
github.com/develeap/terraform-provider-hyperping/internal/client/statuspages.go:100.75,101.49 1 2
github.com/develeap/terraform-provider-hyperping/internal/client/statuspages.go:101.49,103.3 1 1
github.com/develeap/terraform-provider-hyperping/internal/client/statuspages.go:105.2,106.67 2 1
github.com/develeap/terraform-provider-hyperping/internal/client/statuspages.go:106.67,108.3 1 0
github.com/develeap/terraform-provider-hyperping/internal/client/statuspages.go:110.2,110.12 1 1
github.com/develeap/terraform-provider-hyperping/internal/client/statuspages.go:118.141,119.49 1 3
github.com/develeap/terraform-provider-hyperping/internal/client/statuspages.go:119.49,121.3 1 0
github.com/develeap/terraform-provider-hyperping/internal/client/statuspages.go:123.2,127.17 3 3
github.com/develeap/terraform-provider-hyperping/internal/client/statuspages.go:127.17,129.3 1 0
github.com/develeap/terraform-provider-hyperping/internal/client/statuspages.go:130.2,130.80 1 3
github.com/develeap/terraform-provider-hyperping/internal/client/statuspages.go:130.80,132.3 1 1
github.com/develeap/terraform-provider-hyperping/internal/client/statuspages.go:134.2,134.21 1 3
github.com/develeap/terraform-provider-hyperping/internal/client/statuspages.go:134.21,136.3 1 1
github.com/develeap/terraform-provider-hyperping/internal/client/statuspages.go:138.2,139.70 2 3
github.com/develeap/terraform-provider-hyperping/internal/client/statuspages.go:139.70,141.3 1 0
github.com/develeap/terraform-provider-hyperping/internal/client/statuspages.go:143.2,143.23 1 3
github.com/develeap/terraform-provider-hyperping/internal/client/statuspages.go:149.123,150.49 1 9
github.com/develeap/terraform-provider-hyperping/internal/client/statuspages.go:150.49,152.3 1 0
github.com/develeap/terraform-provider-hyperping/internal/client/statuspages.go:154.2,154.39 1 9
github.com/develeap/terraform-provider-hyperping/internal/client/statuspages.go:154.39,156.3 1 6
github.com/develeap/terraform-provider-hyperping/internal/client/statuspages.go:159.2,159.25 1 3
github.com/develeap/terraform-provider-hyperping/internal/client/statuspages.go:159.25,161.3 1 0
github.com/develeap/terraform-provider-hyperping/internal/client/statuspages.go:164.2,170.71 3 3
github.com/develeap/terraform-provider-hyperping/internal/client/statuspages.go:170.71,172.3 1 0
github.com/develeap/terraform-provider-hyperping/internal/client/statuspages.go:174.2,174.34 1 3
github.com/develeap/terraform-provider-hyperping/internal/client/statuspages.go:178.93,179.49 1 3
github.com/develeap/terraform-provider-hyperping/internal/client/statuspages.go:179.49,181.3 1 0
github.com/develeap/terraform-provider-hyperping/internal/client/statuspages.go:183.2,183.23 1 3
github.com/develeap/terraform-provider-hyperping/internal/client/statuspages.go:183.23,185.3 1 2
github.com/develeap/terraform-provider-hyperping/internal/client/statuspages.go:187.2,188.67 2 1
github.com/develeap/terraform-provider-hyperping/internal/client/statuspages.go:188.67,190.3 1 0
github.com/develeap/terraform-provider-hyperping/internal/client/statuspages.go:192.2,192.12 1 1
github.com/develeap/terraform-provider-hyperping/internal/client/transport.go:15.37,27.2 1 40
github.com/develeap/terraform-provider-hyperping/internal/client/transport.go:40.78,45.2 3 241
github.com/develeap/terraform-provider-hyperping/internal/client/transport.go:56.85,57.31 1 0
github.com/develeap/terraform-provider-hyperping/internal/client/transport.go:57.31,59.3 1 0
github.com/develeap/terraform-provider-hyperping/internal/client/transport.go:60.2,60.30 1 0
github.com/develeap/terraform-provider-hyperping/internal/client/transport.go:70.108,76.2 2 239
github.com/develeap/terraform-provider-hyperping/internal/client/transport.go:80.80,85.17 2 239
github.com/develeap/terraform-provider-hyperping/internal/client/transport.go:85.17,87.3 1 198
github.com/develeap/terraform-provider-hyperping/internal/client/transport.go:89.2,89.45 1 41
github.com/develeap/terraform-provider-hyperping/internal/client/transport.go:89.45,92.3 1 1
github.com/develeap/terraform-provider-hyperping/internal/client/transport.go:95.2,96.9 2 40
github.com/develeap/terraform-provider-hyperping/internal/client/transport.go:96.9,99.3 1 0
github.com/develeap/terraform-provider-hyperping/internal/client/transport.go:102.2,103.22 2 40
